<?xml version="1.0" encoding="UTF-8"?>
<coverage generated="1663120907079" clover="3.2.0">
  <project timestamp="1663120907079" name="All files">
    <metrics statements="163" coveredstatements="109" conditionals="31" coveredconditionals="11" methods="35" coveredmethods="29" elements="229" coveredelements="149" complexity="0" loc="163" ncloc="163" packages="1" files="3" classes="3"/>
    <file name="gameboardFactory.js" path="/Users/zaakirmbp/TOP-Projects/battleship/src/components/factories/gameboardFactory.js">
      <metrics statements="111" coveredstatements="64" conditionals="24" coveredconditionals="7" methods="20" coveredmethods="17"/>
      <line num="4" count="18" type="stmt"/>
      <line num="5" count="18" type="stmt"/>
      <line num="6" count="18" type="stmt"/>
      <line num="7" count="18" type="stmt"/>
      <line num="9" count="18" type="stmt"/>
      <line num="10" count="180" type="stmt"/>
      <line num="11" count="1800" type="stmt"/>
      <line num="21" count="18" type="stmt"/>
      <line num="24" count="18" type="stmt"/>
      <line num="26" count="18" type="stmt"/>
      <line num="34" count="18" type="stmt"/>
      <line num="35" count="16" type="stmt"/>
      <line num="36" count="80" type="cond" truecount="2" falsecount="0"/>
      <line num="37" count="16" type="stmt"/>
      <line num="40" count="16" type="stmt"/>
      <line num="43" count="18" type="stmt"/>
      <line num="48" count="16" type="stmt"/>
      <line num="50" count="57" type="stmt"/>
      <line num="51" count="1340" type="stmt"/>
      <line num="54" count="57" type="stmt"/>
      <line num="59" count="45" type="stmt"/>
      <line num="61" count="16" type="stmt"/>
      <line num="62" count="57" type="stmt"/>
      <line num="66" count="18" type="stmt"/>
      <line num="67" count="27" type="stmt"/>
      <line num="68" count="135" type="cond" truecount="2" falsecount="0"/>
      <line num="69" count="27" type="stmt"/>
      <line num="74" count="18" type="stmt"/>
      <line num="75" count="28" type="stmt"/>
      <line num="76" count="28" type="stmt"/>
      <line num="78" count="28" type="stmt"/>
      <line num="81" count="18" type="stmt"/>
      <line num="82" count="28" type="stmt"/>
      <line num="83" count="627" type="stmt"/>
      <line num="86" count="28" type="cond" truecount="1" falsecount="1"/>
      <line num="88" count="28" type="cond" truecount="2" falsecount="0"/>
      <line num="89" count="27" type="stmt"/>
      <line num="90" count="27" type="stmt"/>
      <line num="92" count="27" type="stmt"/>
      <line num="93" count="27" type="stmt"/>
      <line num="94" count="27" type="stmt"/>
      <line num="96" count="1" type="stmt"/>
      <line num="97" count="1" type="stmt"/>
      <line num="98" count="1" type="stmt"/>
      <line num="102" count="18" type="stmt"/>
      <line num="103" count="0" type="stmt"/>
      <line num="104" count="0" type="cond" truecount="0" falsecount="2"/>
      <line num="105" count="0" type="stmt"/>
      <line num="127" count="18" type="stmt"/>
      <line num="128" count="0" type="cond" truecount="0" falsecount="2"/>
      <line num="129" count="0" type="stmt"/>
      <line num="130" count="0" type="cond" truecount="0" falsecount="2"/>
      <line num="131" count="0" type="stmt"/>
      <line num="133" count="0" type="stmt"/>
      <line num="136" count="0" type="stmt"/>
      <line num="137" count="0" type="stmt"/>
      <line num="138" count="0" type="stmt"/>
      <line num="139" count="0" type="stmt"/>
      <line num="140" count="0" type="stmt"/>
      <line num="141" count="0" type="stmt"/>
      <line num="142" count="0" type="stmt"/>
      <line num="143" count="0" type="stmt"/>
      <line num="145" count="0" type="cond" truecount="0" falsecount="2"/>
      <line num="146" count="0" type="stmt"/>
      <line num="149" count="0" type="cond" truecount="0" falsecount="2"/>
      <line num="150" count="0" type="stmt"/>
      <line num="153" count="0" type="cond" truecount="0" falsecount="2"/>
      <line num="156" count="0" type="stmt"/>
      <line num="157" count="0" type="stmt"/>
      <line num="158" count="0" type="stmt"/>
      <line num="161" count="0" type="stmt"/>
      <line num="162" count="0" type="stmt"/>
      <line num="163" count="0" type="stmt"/>
      <line num="167" count="0" type="stmt"/>
      <line num="168" count="0" type="stmt"/>
      <line num="170" count="0" type="stmt"/>
      <line num="171" count="0" type="stmt"/>
      <line num="172" count="0" type="stmt"/>
      <line num="173" count="0" type="stmt"/>
      <line num="174" count="0" type="stmt"/>
      <line num="175" count="0" type="stmt"/>
      <line num="176" count="0" type="stmt"/>
      <line num="178" count="0" type="cond" truecount="0" falsecount="2"/>
      <line num="179" count="0" type="stmt"/>
      <line num="182" count="0" type="cond" truecount="0" falsecount="2"/>
      <line num="185" count="0" type="stmt"/>
      <line num="186" count="0" type="stmt"/>
      <line num="187" count="0" type="stmt"/>
      <line num="189" count="0" type="stmt"/>
      <line num="190" count="0" type="stmt"/>
      <line num="191" count="0" type="stmt"/>
      <line num="195" count="0" type="stmt"/>
      <line num="198" count="18" type="stmt"/>
      <line num="199" count="0" type="stmt"/>
      <line num="202" count="18" type="stmt"/>
      <line num="203" count="5" type="stmt"/>
      <line num="205" count="18" type="stmt"/>
      <line num="206" count="15" type="stmt"/>
      <line num="209" count="18" type="stmt"/>
      <line num="210" count="11" type="stmt"/>
      <line num="212" count="11" type="stmt"/>
      <line num="213" count="11" type="stmt"/>
      <line num="214" count="11" type="stmt"/>
      <line num="215" count="11" type="stmt"/>
      <line num="216" count="11" type="stmt"/>
      <line num="217" count="11" type="stmt"/>
      <line num="226" count="18" type="stmt"/>
      <line num="227" count="1" type="stmt"/>
      <line num="228" count="5" type="stmt"/>
      <line num="229" count="5" type="stmt"/>
      <line num="232" count="18" type="stmt"/>
    </file>
    <file name="playerFactory.js" path="/Users/zaakirmbp/TOP-Projects/battleship/src/components/factories/playerFactory.js">
      <metrics statements="29" coveredstatements="22" conditionals="2" coveredconditionals="0" methods="8" coveredmethods="5"/>
      <line num="4" count="10" type="stmt"/>
      <line num="5" count="10" type="stmt"/>
      <line num="6" count="10" type="stmt"/>
      <line num="7" count="10" type="stmt"/>
      <line num="9" count="10" type="stmt"/>
      <line num="10" count="29" type="stmt"/>
      <line num="13" count="10" type="stmt"/>
      <line num="14" count="0" type="stmt"/>
      <line num="17" count="10" type="stmt"/>
      <line num="18" count="2" type="stmt"/>
      <line num="21" count="10" type="stmt"/>
      <line num="22" count="1" type="stmt"/>
      <line num="25" count="10" type="stmt"/>
      <line num="26" count="0" type="cond" truecount="0" falsecount="2"/>
      <line num="28" count="0" type="stmt"/>
      <line num="29" count="0" type="stmt"/>
      <line num="30" count="0" type="stmt"/>
      <line num="32" count="0" type="stmt"/>
      <line num="35" count="10" type="stmt"/>
      <line num="36" count="0" type="stmt"/>
      <line num="39" count="10" type="stmt"/>
      <line num="40" count="1" type="stmt"/>
      <line num="41" count="1" type="stmt"/>
      <line num="43" count="1" type="stmt"/>
      <line num="45" count="1" type="stmt"/>
      <line num="47" count="5" type="stmt"/>
      <line num="48" count="5" type="stmt"/>
      <line num="51" count="1" type="stmt"/>
      <line num="54" count="10" type="stmt"/>
    </file>
    <file name="shipFactory.js" path="/Users/zaakirmbp/TOP-Projects/battleship/src/components/factories/shipFactory.js">
      <metrics statements="23" coveredstatements="23" conditionals="5" coveredconditionals="4" methods="7" coveredmethods="7"/>
      <line num="2" count="96" type="stmt"/>
      <line num="3" count="96" type="stmt"/>
      <line num="4" count="96" type="stmt"/>
      <line num="5" count="96" type="stmt"/>
      <line num="8" count="96" type="stmt"/>
      <line num="10" count="96" type="stmt"/>
      <line num="11" count="32" type="cond" truecount="1" falsecount="1"/>
      <line num="12" count="32" type="stmt"/>
      <line num="13" count="32" type="stmt"/>
      <line num="17" count="96" type="stmt"/>
      <line num="18" count="7" type="cond" truecount="2" falsecount="0"/>
      <line num="19" count="6" type="stmt"/>
      <line num="20" count="6" type="stmt"/>
      <line num="21" count="1" type="stmt"/>
      <line num="24" count="96" type="stmt"/>
      <line num="25" count="1" type="stmt"/>
      <line num="28" count="96" type="stmt"/>
      <line num="29" count="56" type="stmt"/>
      <line num="31" count="96" type="stmt"/>
      <line num="32" count="1" type="stmt"/>
      <line num="35" count="96" type="stmt"/>
      <line num="36" count="1" type="stmt"/>
      <line num="39" count="96" type="stmt"/>
    </file>
  </project>
</coverage>
