<?xml version="1.0" encoding="UTF-8"?>
<coverage generated="1662871669857" clover="3.2.0">
  <project timestamp="1662871669857" name="All files">
    <metrics statements="164" coveredstatements="120" conditionals="26" coveredconditionals="13" methods="38" coveredmethods="34" elements="228" coveredelements="167" complexity="0" loc="164" ncloc="164" packages="1" files="3" classes="3"/>
    <file name="gameboardFactory.js" path="/Users/zaakirmbp/TOP-Projects/battleship/src/components/factories/gameboardFactory.js">
      <metrics statements="108" coveredstatements="64" conditionals="18" coveredconditionals="7" methods="21" coveredmethods="17"/>
      <line num="4" count="21" type="stmt"/>
      <line num="5" count="21" type="stmt"/>
      <line num="6" count="21" type="stmt"/>
      <line num="7" count="21" type="stmt"/>
      <line num="9" count="21" type="stmt"/>
      <line num="10" count="210" type="stmt"/>
      <line num="11" count="2100" type="stmt"/>
      <line num="20" count="21" type="stmt"/>
      <line num="23" count="21" type="stmt"/>
      <line num="25" count="21" type="stmt"/>
      <line num="33" count="21" type="stmt"/>
      <line num="34" count="20" type="stmt"/>
      <line num="35" count="100" type="cond" truecount="2" falsecount="0"/>
      <line num="36" count="20" type="stmt"/>
      <line num="39" count="20" type="stmt"/>
      <line num="42" count="21" type="stmt"/>
      <line num="47" count="20" type="stmt"/>
      <line num="49" count="69" type="stmt"/>
      <line num="50" count="1645" type="stmt"/>
      <line num="53" count="69" type="stmt"/>
      <line num="58" count="59" type="stmt"/>
      <line num="60" count="20" type="stmt"/>
      <line num="61" count="69" type="stmt"/>
      <line num="65" count="21" type="stmt"/>
      <line num="66" count="34" type="stmt"/>
      <line num="67" count="170" type="cond" truecount="2" falsecount="0"/>
      <line num="68" count="34" type="stmt"/>
      <line num="73" count="21" type="stmt"/>
      <line num="74" count="63" type="stmt"/>
      <line num="75" count="63" type="stmt"/>
      <line num="77" count="63" type="stmt"/>
      <line num="80" count="21" type="stmt"/>
      <line num="81" count="63" type="stmt"/>
      <line num="82" count="2221" type="stmt"/>
      <line num="85" count="63" type="cond" truecount="1" falsecount="1"/>
      <line num="87" count="63" type="cond" truecount="2" falsecount="0"/>
      <line num="88" count="34" type="stmt"/>
      <line num="89" count="34" type="stmt"/>
      <line num="91" count="34" type="stmt"/>
      <line num="92" count="34" type="stmt"/>
      <line num="93" count="34" type="stmt"/>
      <line num="95" count="29" type="stmt"/>
      <line num="96" count="29" type="stmt"/>
      <line num="97" count="29" type="stmt"/>
      <line num="101" count="21" type="stmt"/>
      <line num="102" count="0" type="cond" truecount="0" falsecount="2"/>
      <line num="103" count="0" type="stmt"/>
      <line num="104" count="0" type="cond" truecount="0" falsecount="2"/>
      <line num="105" count="0" type="stmt"/>
      <line num="107" count="0" type="stmt"/>
      <line num="110" count="0" type="stmt"/>
      <line num="111" count="0" type="stmt"/>
      <line num="112" count="0" type="stmt"/>
      <line num="113" count="0" type="stmt"/>
      <line num="114" count="0" type="stmt"/>
      <line num="115" count="0" type="stmt"/>
      <line num="116" count="0" type="stmt"/>
      <line num="118" count="0" type="cond" truecount="0" falsecount="2"/>
      <line num="119" count="0" type="stmt"/>
      <line num="122" count="0" type="cond" truecount="0" falsecount="2"/>
      <line num="124" count="0" type="stmt"/>
      <line num="125" count="0" type="stmt"/>
      <line num="126" count="0" type="stmt"/>
      <line num="128" count="0" type="stmt"/>
      <line num="129" count="0" type="stmt"/>
      <line num="130" count="0" type="stmt"/>
      <line num="134" count="0" type="stmt"/>
      <line num="135" count="0" type="stmt"/>
      <line num="137" count="0" type="stmt"/>
      <line num="138" count="0" type="stmt"/>
      <line num="139" count="0" type="stmt"/>
      <line num="140" count="0" type="stmt"/>
      <line num="141" count="0" type="stmt"/>
      <line num="142" count="0" type="stmt"/>
      <line num="144" count="0" type="cond" truecount="0" falsecount="2"/>
      <line num="146" count="0" type="stmt"/>
      <line num="147" count="0" type="stmt"/>
      <line num="148" count="0" type="stmt"/>
      <line num="150" count="0" type="stmt"/>
      <line num="151" count="0" type="stmt"/>
      <line num="152" count="0" type="stmt"/>
      <line num="158" count="21" type="stmt"/>
      <line num="159" count="0" type="stmt"/>
      <line num="160" count="0" type="stmt"/>
      <line num="161" count="0" type="stmt"/>
      <line num="162" count="0" type="stmt"/>
      <line num="163" count="0" type="stmt"/>
      <line num="164" count="0" type="stmt"/>
      <line num="165" count="0" type="stmt"/>
      <line num="170" count="21" type="stmt"/>
      <line num="171" count="0" type="stmt"/>
      <line num="174" count="21" type="stmt"/>
      <line num="175" count="35" type="stmt"/>
      <line num="177" count="21" type="stmt"/>
      <line num="178" count="18" type="stmt"/>
      <line num="181" count="21" type="stmt"/>
      <line num="182" count="14" type="stmt"/>
      <line num="184" count="14" type="stmt"/>
      <line num="185" count="14" type="stmt"/>
      <line num="186" count="14" type="stmt"/>
      <line num="187" count="14" type="stmt"/>
      <line num="188" count="14" type="stmt"/>
      <line num="189" count="14" type="stmt"/>
      <line num="198" count="21" type="stmt"/>
      <line num="199" count="1" type="stmt"/>
      <line num="200" count="5" type="stmt"/>
      <line num="201" count="5" type="stmt"/>
      <line num="204" count="21" type="stmt"/>
    </file>
    <file name="playerFactory.js" path="/Users/zaakirmbp/TOP-Projects/battleship/src/components/factories/playerFactory.js">
      <metrics statements="38" coveredstatements="38" conditionals="2" coveredconditionals="1" methods="11" coveredmethods="11"/>
      <line num="4" count="13" type="stmt"/>
      <line num="5" count="13" type="stmt"/>
      <line num="6" count="13" type="stmt"/>
      <line num="7" count="13" type="stmt"/>
      <line num="9" count="13" type="stmt"/>
      <line num="10" count="64" type="stmt"/>
      <line num="13" count="13" type="stmt"/>
      <line num="14" count="1" type="stmt"/>
      <line num="17" count="13" type="stmt"/>
      <line num="18" count="2" type="stmt"/>
      <line num="21" count="13" type="stmt"/>
      <line num="22" count="1" type="stmt"/>
      <line num="25" count="13" type="stmt"/>
      <line num="26" count="1" type="cond" truecount="1" falsecount="1"/>
      <line num="28" count="1" type="stmt"/>
      <line num="29" count="1" type="stmt"/>
      <line num="30" count="30" type="stmt"/>
      <line num="32" count="1" type="stmt"/>
      <line num="35" count="13" type="stmt"/>
      <line num="36" count="30" type="stmt"/>
      <line num="37" count="30" type="stmt"/>
      <line num="39" count="30" type="stmt"/>
      <line num="40" count="3000" type="stmt"/>
      <line num="43" count="30" type="stmt"/>
      <line num="44" count="30" type="stmt"/>
      <line num="47" count="30" type="stmt"/>
      <line num="49" count="30" type="stmt"/>
      <line num="50" count="30" type="stmt"/>
      <line num="51" count="30" type="stmt"/>
      <line num="55" count="13" type="stmt"/>
      <line num="56" count="1" type="stmt"/>
      <line num="57" count="1" type="stmt"/>
      <line num="59" count="1" type="stmt"/>
      <line num="61" count="1" type="stmt"/>
      <line num="63" count="5" type="stmt"/>
      <line num="64" count="5" type="stmt"/>
      <line num="67" count="1" type="stmt"/>
      <line num="70" count="13" type="stmt"/>
    </file>
    <file name="shipFactory.js" path="/Users/zaakirmbp/TOP-Projects/battleship/src/components/factories/shipFactory.js">
      <metrics statements="18" coveredstatements="18" conditionals="6" coveredconditionals="5" methods="6" coveredmethods="6"/>
      <line num="2" count="111" type="stmt"/>
      <line num="3" count="111" type="stmt"/>
      <line num="4" count="111" type="stmt"/>
      <line num="7" count="111" type="stmt"/>
      <line num="9" count="111" type="stmt"/>
      <line num="10" count="39" type="cond" truecount="1" falsecount="1"/>
      <line num="11" count="39" type="stmt"/>
      <line num="12" count="39" type="stmt"/>
      <line num="16" count="111" type="stmt"/>
      <line num="17" count="7" type="cond" truecount="2" falsecount="0"/>
      <line num="18" count="1" type="stmt"/>
      <line num="21" count="111" type="stmt"/>
      <line num="22" count="1" type="stmt"/>
      <line num="25" count="111" type="stmt"/>
      <line num="26" count="71" type="stmt"/>
      <line num="28" count="111" type="stmt"/>
      <line num="29" count="1" type="stmt"/>
      <line num="32" count="111" type="stmt"/>
    </file>
  </project>
</coverage>
