{"/Users/zaakirmbp/TOP-Projects/battleship/src/components/factories/gameboardFactory.js": {"path":"/Users/zaakirmbp/TOP-Projects/battleship/src/components/factories/gameboardFactory.js","statementMap":{"0":{"start":{"line":4,"column":22},"end":{"line":21,"column":3}},"1":{"start":{"line":5,"column":14},"end":{"line":5,"column":64}},"2":{"start":{"line":6,"column":14},"end":{"line":6,"column":65}},"3":{"start":{"line":7,"column":16},"end":{"line":7,"column":18}},"4":{"start":{"line":9,"column":4},"end":{"line":18,"column":5}},"5":{"start":{"line":9,"column":17},"end":{"line":9,"column":18}},"6":{"start":{"line":10,"column":6},"end":{"line":17,"column":7}},"7":{"start":{"line":10,"column":19},"end":{"line":10,"column":20}},"8":{"start":{"line":11,"column":8},"end":{"line":16,"column":11}},"9":{"start":{"line":20,"column":4},"end":{"line":20,"column":17}},"10":{"start":{"line":23,"column":22},"end":{"line":23,"column":35}},"11":{"start":{"line":25,"column":22},"end":{"line":31,"column":3}},"12":{"start":{"line":33,"column":29},"end":{"line":40,"column":3}},"13":{"start":{"line":34,"column":4},"end":{"line":38,"column":5}},"14":{"start":{"line":35,"column":6},"end":{"line":37,"column":7}},"15":{"start":{"line":36,"column":8},"end":{"line":36,"column":44}},"16":{"start":{"line":39,"column":4},"end":{"line":39,"column":47}},"17":{"start":{"line":42,"column":29},"end":{"line":63,"column":3}},"18":{"start":{"line":47,"column":32},"end":{"line":55,"column":5}},"19":{"start":{"line":49,"column":36},"end":{"line":51,"column":10}},"20":{"start":{"line":50,"column":10},"end":{"line":50,"column":56}},"21":{"start":{"line":53,"column":8},"end":{"line":53,"column":35}},"22":{"start":{"line":58,"column":23},"end":{"line":58,"column":73}},"23":{"start":{"line":58,"column":50},"end":{"line":58,"column":72}},"24":{"start":{"line":60,"column":4},"end":{"line":62,"column":5}},"25":{"start":{"line":61,"column":6},"end":{"line":61,"column":35}},"26":{"start":{"line":65,"column":24},"end":{"line":71,"column":3}},"27":{"start":{"line":66,"column":4},"end":{"line":70,"column":5}},"28":{"start":{"line":67,"column":6},"end":{"line":69,"column":7}},"29":{"start":{"line":68,"column":8},"end":{"line":68,"column":41}},"30":{"start":{"line":73,"column":25},"end":{"line":78,"column":3}},"31":{"start":{"line":74,"column":28},"end":{"line":74,"column":42}},"32":{"start":{"line":75,"column":19},"end":{"line":75,"column":74}},"33":{"start":{"line":77,"column":4},"end":{"line":77,"column":33}},"34":{"start":{"line":80,"column":24},"end":{"line":99,"column":3}},"35":{"start":{"line":81,"column":29},"end":{"line":83,"column":5}},"36":{"start":{"line":82,"column":22},"end":{"line":82,"column":51}},"37":{"start":{"line":85,"column":4},"end":{"line":85,"column":49}},"38":{"start":{"line":85,"column":42},"end":{"line":85,"column":49}},"39":{"start":{"line":87,"column":4},"end":{"line":98,"column":5}},"40":{"start":{"line":88,"column":6},"end":{"line":88,"column":38}},"41":{"start":{"line":89,"column":6},"end":{"line":89,"column":55}},"42":{"start":{"line":91,"column":19},"end":{"line":91,"column":49}},"43":{"start":{"line":92,"column":6},"end":{"line":92,"column":41}},"44":{"start":{"line":93,"column":6},"end":{"line":93,"column":69}},"45":{"start":{"line":95,"column":6},"end":{"line":95,"column":41}},"46":{"start":{"line":96,"column":6},"end":{"line":96,"column":55}},"47":{"start":{"line":97,"column":6},"end":{"line":97,"column":69}},"48":{"start":{"line":101,"column":22},"end":{"line":156,"column":3}},"49":{"start":{"line":102,"column":4},"end":{"line":155,"column":5}},"50":{"start":{"line":103,"column":19},"end":{"line":103,"column":71}},"51":{"start":{"line":104,"column":6},"end":{"line":108,"column":7}},"52":{"start":{"line":105,"column":8},"end":{"line":105,"column":44}},"53":{"start":{"line":107,"column":8},"end":{"line":107,"column":35}},"54":{"start":{"line":110,"column":6},"end":{"line":132,"column":7}},"55":{"start":{"line":110,"column":19},"end":{"line":110,"column":20}},"56":{"start":{"line":111,"column":19},"end":{"line":111,"column":66}},"57":{"start":{"line":112,"column":8},"end":{"line":112,"column":39}},"58":{"start":{"line":113,"column":8},"end":{"line":113,"column":59}},"59":{"start":{"line":114,"column":23},"end":{"line":114,"column":37}},"60":{"start":{"line":115,"column":27},"end":{"line":115,"column":40}},"61":{"start":{"line":116,"column":26},"end":{"line":116,"column":41}},"62":{"start":{"line":118,"column":8},"end":{"line":120,"column":9}},"63":{"start":{"line":119,"column":10},"end":{"line":119,"column":49}},"64":{"start":{"line":122,"column":8},"end":{"line":131,"column":9}},"65":{"start":{"line":124,"column":12},"end":{"line":124,"column":51}},"66":{"start":{"line":125,"column":12},"end":{"line":125,"column":39}},"67":{"start":{"line":126,"column":12},"end":{"line":126,"column":18}},"68":{"start":{"line":128,"column":12},"end":{"line":128,"column":52}},"69":{"start":{"line":129,"column":12},"end":{"line":129,"column":39}},"70":{"start":{"line":130,"column":12},"end":{"line":130,"column":18}},"71":{"start":{"line":134,"column":27},"end":{"line":134,"column":79}},"72":{"start":{"line":135,"column":6},"end":{"line":135,"column":50}},"73":{"start":{"line":137,"column":6},"end":{"line":154,"column":7}},"74":{"start":{"line":137,"column":19},"end":{"line":137,"column":20}},"75":{"start":{"line":138,"column":23},"end":{"line":138,"column":78}},"76":{"start":{"line":139,"column":8},"end":{"line":139,"column":52}},"77":{"start":{"line":140,"column":8},"end":{"line":140,"column":50}},"78":{"start":{"line":141,"column":29},"end":{"line":141,"column":43}},"79":{"start":{"line":142,"column":27},"end":{"line":142,"column":46}},"80":{"start":{"line":144,"column":8},"end":{"line":153,"column":9}},"81":{"start":{"line":146,"column":12},"end":{"line":146,"column":51}},"82":{"start":{"line":147,"column":12},"end":{"line":147,"column":39}},"83":{"start":{"line":148,"column":12},"end":{"line":148,"column":18}},"84":{"start":{"line":150,"column":12},"end":{"line":150,"column":52}},"85":{"start":{"line":151,"column":12},"end":{"line":151,"column":39}},"86":{"start":{"line":152,"column":12},"end":{"line":152,"column":18}},"87":{"start":{"line":158,"column":25},"end":{"line":168,"column":3}},"88":{"start":{"line":159,"column":22},"end":{"line":159,"column":53}},"89":{"start":{"line":160,"column":4},"end":{"line":167,"column":5}},"90":{"start":{"line":161,"column":6},"end":{"line":166,"column":9}},"91":{"start":{"line":162,"column":26},"end":{"line":162,"column":43}},"92":{"start":{"line":163,"column":8},"end":{"line":163,"column":53}},"93":{"start":{"line":164,"column":8},"end":{"line":164,"column":28}},"94":{"start":{"line":165,"column":8},"end":{"line":165,"column":36}},"95":{"start":{"line":170,"column":23},"end":{"line":172,"column":3}},"96":{"start":{"line":171,"column":4},"end":{"line":171,"column":59}},"97":{"start":{"line":174,"column":25},"end":{"line":176,"column":3}},"98":{"start":{"line":175,"column":4},"end":{"line":175,"column":23}},"99":{"start":{"line":177,"column":25},"end":{"line":179,"column":3}},"100":{"start":{"line":178,"column":4},"end":{"line":178,"column":23}},"101":{"start":{"line":181,"column":25},"end":{"line":196,"column":3}},"102":{"start":{"line":182,"column":18},"end":{"line":182,"column":34}},"103":{"start":{"line":184,"column":26},"end":{"line":184,"column":46}},"104":{"start":{"line":185,"column":29},"end":{"line":185,"column":49}},"105":{"start":{"line":186,"column":26},"end":{"line":186,"column":46}},"106":{"start":{"line":187,"column":28},"end":{"line":187,"column":48}},"107":{"start":{"line":188,"column":28},"end":{"line":188,"column":48}},"108":{"start":{"line":189,"column":4},"end":{"line":195,"column":6}},"109":{"start":{"line":198,"column":26},"end":{"line":202,"column":3}},"110":{"start":{"line":199,"column":18},"end":{"line":199,"column":34}},"111":{"start":{"line":200,"column":17},"end":{"line":200,"column":51}},"112":{"start":{"line":200,"column":37},"end":{"line":200,"column":50}},"113":{"start":{"line":201,"column":4},"end":{"line":201,"column":55}},"114":{"start":{"line":201,"column":37},"end":{"line":201,"column":53}},"115":{"start":{"line":204,"column":2},"end":{"line":214,"column":4}}},"fnMap":{"0":{"name":"Gameboard","decl":{"start":{"line":3,"column":9},"end":{"line":3,"column":18}},"loc":{"start":{"line":3,"column":21},"end":{"line":215,"column":1}},"line":3},"1":{"name":"(anonymous_1)","decl":{"start":{"line":4,"column":22},"end":{"line":4,"column":23}},"loc":{"start":{"line":4,"column":28},"end":{"line":21,"column":3}},"line":4},"2":{"name":"(anonymous_2)","decl":{"start":{"line":33,"column":29},"end":{"line":33,"column":30}},"loc":{"start":{"line":33,"column":57},"end":{"line":40,"column":3}},"line":33},"3":{"name":"(anonymous_3)","decl":{"start":{"line":42,"column":29},"end":{"line":42,"column":30}},"loc":{"start":{"line":42,"column":61},"end":{"line":63,"column":3}},"line":42},"4":{"name":"(anonymous_4)","decl":{"start":{"line":48,"column":6},"end":{"line":48,"column":7}},"loc":{"start":{"line":48,"column":32},"end":{"line":54,"column":7}},"line":48},"5":{"name":"(anonymous_5)","decl":{"start":{"line":49,"column":53},"end":{"line":49,"column":54}},"loc":{"start":{"line":49,"column":69},"end":{"line":51,"column":9}},"line":49},"6":{"name":"(anonymous_6)","decl":{"start":{"line":58,"column":40},"end":{"line":58,"column":41}},"loc":{"start":{"line":58,"column":50},"end":{"line":58,"column":72}},"line":58},"7":{"name":"(anonymous_7)","decl":{"start":{"line":65,"column":24},"end":{"line":65,"column":25}},"loc":{"start":{"line":65,"column":59},"end":{"line":71,"column":3}},"line":65},"8":{"name":"(anonymous_8)","decl":{"start":{"line":73,"column":25},"end":{"line":73,"column":26}},"loc":{"start":{"line":73,"column":63},"end":{"line":78,"column":3}},"line":73},"9":{"name":"(anonymous_9)","decl":{"start":{"line":80,"column":24},"end":{"line":80,"column":25}},"loc":{"start":{"line":80,"column":51},"end":{"line":99,"column":3}},"line":80},"10":{"name":"(anonymous_10)","decl":{"start":{"line":82,"column":6},"end":{"line":82,"column":7}},"loc":{"start":{"line":82,"column":22},"end":{"line":82,"column":51}},"line":82},"11":{"name":"(anonymous_11)","decl":{"start":{"line":101,"column":22},"end":{"line":101,"column":23}},"loc":{"start":{"line":101,"column":49},"end":{"line":156,"column":3}},"line":101},"12":{"name":"(anonymous_12)","decl":{"start":{"line":158,"column":25},"end":{"line":158,"column":26}},"loc":{"start":{"line":158,"column":64},"end":{"line":168,"column":3}},"line":158},"13":{"name":"(anonymous_13)","decl":{"start":{"line":161,"column":37},"end":{"line":161,"column":38}},"loc":{"start":{"line":161,"column":49},"end":{"line":166,"column":7}},"line":161},"14":{"name":"(anonymous_14)","decl":{"start":{"line":170,"column":23},"end":{"line":170,"column":24}},"loc":{"start":{"line":170,"column":29},"end":{"line":172,"column":3}},"line":170},"15":{"name":"(anonymous_15)","decl":{"start":{"line":174,"column":25},"end":{"line":174,"column":26}},"loc":{"start":{"line":174,"column":31},"end":{"line":176,"column":3}},"line":174},"16":{"name":"(anonymous_16)","decl":{"start":{"line":177,"column":25},"end":{"line":177,"column":26}},"loc":{"start":{"line":177,"column":31},"end":{"line":179,"column":3}},"line":177},"17":{"name":"(anonymous_17)","decl":{"start":{"line":181,"column":25},"end":{"line":181,"column":26}},"loc":{"start":{"line":181,"column":31},"end":{"line":196,"column":3}},"line":181},"18":{"name":"(anonymous_18)","decl":{"start":{"line":198,"column":26},"end":{"line":198,"column":27}},"loc":{"start":{"line":198,"column":32},"end":{"line":202,"column":3}},"line":198},"19":{"name":"(anonymous_19)","decl":{"start":{"line":200,"column":27},"end":{"line":200,"column":28}},"loc":{"start":{"line":200,"column":37},"end":{"line":200,"column":50}},"line":200},"20":{"name":"(anonymous_20)","decl":{"start":{"line":201,"column":24},"end":{"line":201,"column":25}},"loc":{"start":{"line":201,"column":37},"end":{"line":201,"column":53}},"line":201}},"branchMap":{"0":{"loc":{"start":{"line":35,"column":6},"end":{"line":37,"column":7}},"type":"if","locations":[{"start":{"line":35,"column":6},"end":{"line":37,"column":7}},{"start":{},"end":{}}],"line":35},"1":{"loc":{"start":{"line":67,"column":6},"end":{"line":69,"column":7}},"type":"if","locations":[{"start":{"line":67,"column":6},"end":{"line":69,"column":7}},{"start":{},"end":{}}],"line":67},"2":{"loc":{"start":{"line":85,"column":4},"end":{"line":85,"column":49}},"type":"if","locations":[{"start":{"line":85,"column":4},"end":{"line":85,"column":49}},{"start":{},"end":{}}],"line":85},"3":{"loc":{"start":{"line":87,"column":4},"end":{"line":98,"column":5}},"type":"if","locations":[{"start":{"line":87,"column":4},"end":{"line":98,"column":5}},{"start":{"line":94,"column":11},"end":{"line":98,"column":5}}],"line":87},"4":{"loc":{"start":{"line":102,"column":4},"end":{"line":155,"column":5}},"type":"if","locations":[{"start":{"line":102,"column":4},"end":{"line":155,"column":5}},{"start":{"line":133,"column":11},"end":{"line":155,"column":5}}],"line":102},"5":{"loc":{"start":{"line":104,"column":6},"end":{"line":108,"column":7}},"type":"if","locations":[{"start":{"line":104,"column":6},"end":{"line":108,"column":7}},{"start":{"line":106,"column":13},"end":{"line":108,"column":7}}],"line":104},"6":{"loc":{"start":{"line":118,"column":8},"end":{"line":120,"column":9}},"type":"if","locations":[{"start":{"line":118,"column":8},"end":{"line":120,"column":9}},{"start":{},"end":{}}],"line":118},"7":{"loc":{"start":{"line":122,"column":8},"end":{"line":131,"column":9}},"type":"switch","locations":[{"start":{"line":123,"column":10},"end":{"line":126,"column":18}},{"start":{"line":127,"column":10},"end":{"line":130,"column":18}}],"line":122},"8":{"loc":{"start":{"line":144,"column":8},"end":{"line":153,"column":9}},"type":"switch","locations":[{"start":{"line":145,"column":10},"end":{"line":148,"column":18}},{"start":{"line":149,"column":10},"end":{"line":152,"column":18}}],"line":144}},"s":{"0":21,"1":21,"2":21,"3":21,"4":21,"5":21,"6":210,"7":210,"8":2100,"9":21,"10":21,"11":21,"12":21,"13":20,"14":100,"15":20,"16":20,"17":21,"18":20,"19":69,"20":1645,"21":69,"22":20,"23":59,"24":20,"25":69,"26":21,"27":34,"28":170,"29":34,"30":21,"31":63,"32":63,"33":63,"34":21,"35":63,"36":2221,"37":63,"38":0,"39":63,"40":34,"41":34,"42":34,"43":34,"44":34,"45":29,"46":29,"47":29,"48":21,"49":0,"50":0,"51":0,"52":0,"53":0,"54":0,"55":0,"56":0,"57":0,"58":0,"59":0,"60":0,"61":0,"62":0,"63":0,"64":0,"65":0,"66":0,"67":0,"68":0,"69":0,"70":0,"71":0,"72":0,"73":0,"74":0,"75":0,"76":0,"77":0,"78":0,"79":0,"80":0,"81":0,"82":0,"83":0,"84":0,"85":0,"86":0,"87":21,"88":0,"89":0,"90":0,"91":0,"92":0,"93":0,"94":0,"95":21,"96":0,"97":21,"98":35,"99":21,"100":18,"101":21,"102":14,"103":14,"104":14,"105":14,"106":14,"107":14,"108":14,"109":21,"110":1,"111":1,"112":5,"113":1,"114":5,"115":21},"f":{"0":21,"1":21,"2":20,"3":20,"4":69,"5":1645,"6":59,"7":34,"8":63,"9":63,"10":2221,"11":0,"12":0,"13":0,"14":0,"15":35,"16":18,"17":14,"18":1,"19":5,"20":5},"b":{"0":[20,80],"1":[34,136],"2":[0,63],"3":[34,29],"4":[0,0],"5":[0,0],"6":[0,0],"7":[0,0],"8":[0,0]},"_coverageSchema":"1a1c01bbd47fc00a2c39e90264f33305004495a9","hash":"9acd1fb94696ad9aa5335911d79e7db4e93759fa"}
,"/Users/zaakirmbp/TOP-Projects/battleship/src/components/factories/playerFactory.js": {"path":"/Users/zaakirmbp/TOP-Projects/battleship/src/components/factories/playerFactory.js","statementMap":{"0":{"start":{"line":4,"column":14},"end":{"line":4,"column":29}},"1":{"start":{"line":5,"column":13},"end":{"line":5,"column":22}},"2":{"start":{"line":6,"column":14},"end":{"line":6,"column":16}},"3":{"start":{"line":7,"column":20},"end":{"line":7,"column":42}},"4":{"start":{"line":9,"column":18},"end":{"line":11,"column":3}},"5":{"start":{"line":10,"column":4},"end":{"line":10,"column":16}},"6":{"start":{"line":13,"column":25},"end":{"line":15,"column":3}},"7":{"start":{"line":14,"column":4},"end":{"line":14,"column":17}},"8":{"start":{"line":17,"column":24},"end":{"line":19,"column":3}},"9":{"start":{"line":18,"column":4},"end":{"line":18,"column":16}},"10":{"start":{"line":21,"column":21},"end":{"line":23,"column":3}},"11":{"start":{"line":22,"column":4},"end":{"line":22,"column":17}},"12":{"start":{"line":25,"column":25},"end":{"line":33,"column":3}},"13":{"start":{"line":26,"column":4},"end":{"line":26,"column":30}},"14":{"start":{"line":26,"column":23},"end":{"line":26,"column":30}},"15":{"start":{"line":28,"column":17},"end":{"line":28,"column":19}},"16":{"start":{"line":29,"column":4},"end":{"line":31,"column":5}},"17":{"start":{"line":30,"column":6},"end":{"line":30,"column":42}},"18":{"start":{"line":32,"column":4},"end":{"line":32,"column":18}},"19":{"start":{"line":35,"column":23},"end":{"line":53,"column":3}},"20":{"start":{"line":36,"column":26},"end":{"line":36,"column":43}},"21":{"start":{"line":37,"column":29},"end":{"line":37,"column":59}},"22":{"start":{"line":39,"column":26},"end":{"line":41,"column":5}},"23":{"start":{"line":40,"column":22},"end":{"line":40,"column":48}},"24":{"start":{"line":43,"column":27},"end":{"line":45,"column":5}},"25":{"start":{"line":44,"column":6},"end":{"line":44,"column":57}},"26":{"start":{"line":47,"column":32},"end":{"line":52,"column":8}},"27":{"start":{"line":49,"column":8},"end":{"line":49,"column":71}},"28":{"start":{"line":50,"column":37},"end":{"line":50,"column":56}},"29":{"start":{"line":51,"column":6},"end":{"line":51,"column":45}},"30":{"start":{"line":55,"column":30},"end":{"line":68,"column":3}},"31":{"start":{"line":56,"column":27},"end":{"line":56,"column":39}},"32":{"start":{"line":57,"column":30},"end":{"line":57,"column":61}},"33":{"start":{"line":59,"column":28},"end":{"line":59,"column":30}},"34":{"start":{"line":61,"column":4},"end":{"line":65,"column":5}},"35":{"start":{"line":61,"column":17},"end":{"line":61,"column":18}},"36":{"start":{"line":63,"column":8},"end":{"line":63,"column":79}},"37":{"start":{"line":64,"column":6},"end":{"line":64,"column":48}},"38":{"start":{"line":67,"column":4},"end":{"line":67,"column":27}},"39":{"start":{"line":70,"column":2},"end":{"line":82,"column":4}}},"fnMap":{"0":{"name":"PlayerFactory","decl":{"start":{"line":3,"column":9},"end":{"line":3,"column":22}},"loc":{"start":{"line":3,"column":40},"end":{"line":83,"column":1}},"line":3},"1":{"name":"(anonymous_1)","decl":{"start":{"line":9,"column":18},"end":{"line":9,"column":19}},"loc":{"start":{"line":9,"column":24},"end":{"line":11,"column":3}},"line":9},"2":{"name":"(anonymous_2)","decl":{"start":{"line":13,"column":25},"end":{"line":13,"column":26}},"loc":{"start":{"line":13,"column":31},"end":{"line":15,"column":3}},"line":13},"3":{"name":"(anonymous_3)","decl":{"start":{"line":17,"column":24},"end":{"line":17,"column":25}},"loc":{"start":{"line":17,"column":30},"end":{"line":19,"column":3}},"line":17},"4":{"name":"(anonymous_4)","decl":{"start":{"line":21,"column":21},"end":{"line":21,"column":22}},"loc":{"start":{"line":21,"column":27},"end":{"line":23,"column":3}},"line":21},"5":{"name":"(anonymous_5)","decl":{"start":{"line":25,"column":25},"end":{"line":25,"column":26}},"loc":{"start":{"line":25,"column":31},"end":{"line":33,"column":3}},"line":25},"6":{"name":"(anonymous_6)","decl":{"start":{"line":35,"column":23},"end":{"line":35,"column":24}},"loc":{"start":{"line":35,"column":50},"end":{"line":53,"column":3}},"line":35},"7":{"name":"(anonymous_7)","decl":{"start":{"line":40,"column":6},"end":{"line":40,"column":7}},"loc":{"start":{"line":40,"column":22},"end":{"line":40,"column":48}},"line":40},"8":{"name":"(anonymous_8)","decl":{"start":{"line":43,"column":27},"end":{"line":43,"column":28}},"loc":{"start":{"line":43,"column":44},"end":{"line":45,"column":5}},"line":43},"9":{"name":"(anonymous_9)","decl":{"start":{"line":47,"column":33},"end":{"line":47,"column":34}},"loc":{"start":{"line":47,"column":39},"end":{"line":52,"column":5}},"line":47},"10":{"name":"(anonymous_10)","decl":{"start":{"line":55,"column":30},"end":{"line":55,"column":31}},"loc":{"start":{"line":55,"column":42},"end":{"line":68,"column":3}},"line":55}},"branchMap":{"0":{"loc":{"start":{"line":26,"column":4},"end":{"line":26,"column":30}},"type":"if","locations":[{"start":{"line":26,"column":4},"end":{"line":26,"column":30}},{"start":{},"end":{}}],"line":26}},"s":{"0":13,"1":13,"2":13,"3":13,"4":13,"5":64,"6":13,"7":1,"8":13,"9":2,"10":13,"11":1,"12":13,"13":1,"14":0,"15":1,"16":1,"17":30,"18":1,"19":13,"20":30,"21":30,"22":30,"23":3000,"24":30,"25":30,"26":30,"27":30,"28":30,"29":30,"30":13,"31":1,"32":1,"33":1,"34":1,"35":1,"36":5,"37":5,"38":1,"39":13},"f":{"0":13,"1":64,"2":1,"3":2,"4":1,"5":1,"6":30,"7":3000,"8":30,"9":30,"10":1},"b":{"0":[0,1]},"_coverageSchema":"1a1c01bbd47fc00a2c39e90264f33305004495a9","hash":"e9975d7c4139862394cb84d0d9a2178c69bb58b2"}
,"/Users/zaakirmbp/TOP-Projects/battleship/src/components/factories/shipFactory.js": {"path":"/Users/zaakirmbp/TOP-Projects/battleship/src/components/factories/shipFactory.js","statementMap":{"0":{"start":{"line":2,"column":19},"end":{"line":2,"column":23}},"1":{"start":{"line":3,"column":15},"end":{"line":3,"column":21}},"2":{"start":{"line":4,"column":21},"end":{"line":4,"column":23}},"3":{"start":{"line":7,"column":26},"end":{"line":7,"column":37}},"4":{"start":{"line":9,"column":14},"end":{"line":14,"column":3}},"5":{"start":{"line":10,"column":4},"end":{"line":13,"column":5}},"6":{"start":{"line":11,"column":6},"end":{"line":11,"column":15}},"7":{"start":{"line":12,"column":6},"end":{"line":12,"column":29}},"8":{"start":{"line":16,"column":17},"end":{"line":19,"column":3}},"9":{"start":{"line":17,"column":4},"end":{"line":18,"column":22}},"10":{"start":{"line":17,"column":22},"end":{"line":17,"column":34}},"11":{"start":{"line":18,"column":9},"end":{"line":18,"column":22}},"12":{"start":{"line":21,"column":29},"end":{"line":23,"column":3}},"13":{"start":{"line":22,"column":4},"end":{"line":22,"column":27}},"14":{"start":{"line":25,"column":20},"end":{"line":27,"column":3}},"15":{"start":{"line":26,"column":4},"end":{"line":26,"column":18}},"16":{"start":{"line":28,"column":24},"end":{"line":30,"column":3}},"17":{"start":{"line":29,"column":4},"end":{"line":29,"column":22}},"18":{"start":{"line":32,"column":2},"end":{"line":43,"column":4}}},"fnMap":{"0":{"name":"Ship","decl":{"start":{"line":1,"column":9},"end":{"line":1,"column":13}},"loc":{"start":{"line":1,"column":60},"end":{"line":44,"column":1}},"line":1},"1":{"name":"(anonymous_1)","decl":{"start":{"line":9,"column":14},"end":{"line":9,"column":15}},"loc":{"start":{"line":9,"column":20},"end":{"line":14,"column":3}},"line":9},"2":{"name":"(anonymous_2)","decl":{"start":{"line":16,"column":17},"end":{"line":16,"column":18}},"loc":{"start":{"line":16,"column":23},"end":{"line":19,"column":3}},"line":16},"3":{"name":"(anonymous_3)","decl":{"start":{"line":21,"column":29},"end":{"line":21,"column":30}},"loc":{"start":{"line":21,"column":35},"end":{"line":23,"column":3}},"line":21},"4":{"name":"(anonymous_4)","decl":{"start":{"line":25,"column":20},"end":{"line":25,"column":21}},"loc":{"start":{"line":25,"column":26},"end":{"line":27,"column":3}},"line":25},"5":{"name":"(anonymous_5)","decl":{"start":{"line":28,"column":24},"end":{"line":28,"column":25}},"loc":{"start":{"line":28,"column":30},"end":{"line":30,"column":3}},"line":28}},"branchMap":{"0":{"loc":{"start":{"line":1,"column":28},"end":{"line":1,"column":44}},"type":"default-arg","locations":[{"start":{"line":1,"column":42},"end":{"line":1,"column":44}}],"line":1},"1":{"loc":{"start":{"line":1,"column":46},"end":{"line":1,"column":58}},"type":"default-arg","locations":[{"start":{"line":1,"column":53},"end":{"line":1,"column":58}}],"line":1},"2":{"loc":{"start":{"line":10,"column":4},"end":{"line":13,"column":5}},"type":"if","locations":[{"start":{"line":10,"column":4},"end":{"line":13,"column":5}},{"start":{},"end":{}}],"line":10},"3":{"loc":{"start":{"line":17,"column":4},"end":{"line":18,"column":22}},"type":"if","locations":[{"start":{"line":17,"column":4},"end":{"line":18,"column":22}},{"start":{"line":18,"column":9},"end":{"line":18,"column":22}}],"line":17}},"s":{"0":111,"1":111,"2":111,"3":111,"4":111,"5":39,"6":39,"7":39,"8":111,"9":7,"10":6,"11":1,"12":111,"13":1,"14":111,"15":71,"16":111,"17":1,"18":111},"f":{"0":111,"1":39,"2":7,"3":1,"4":71,"5":1},"b":{"0":[106],"1":[111],"2":[39,0],"3":[6,1]},"_coverageSchema":"1a1c01bbd47fc00a2c39e90264f33305004495a9","hash":"d5915fa716b9069d514772db1da12b13d5476b20"}
}
