{"/Users/zaakirmbp/TOP-Projects/battleship/src/components/factories/gameboardFactory.js": {"path":"/Users/zaakirmbp/TOP-Projects/battleship/src/components/factories/gameboardFactory.js","statementMap":{"0":{"start":{"line":4,"column":22},"end":{"line":22,"column":3}},"1":{"start":{"line":5,"column":14},"end":{"line":5,"column":64}},"2":{"start":{"line":6,"column":14},"end":{"line":6,"column":65}},"3":{"start":{"line":7,"column":16},"end":{"line":7,"column":18}},"4":{"start":{"line":9,"column":4},"end":{"line":19,"column":5}},"5":{"start":{"line":9,"column":17},"end":{"line":9,"column":18}},"6":{"start":{"line":10,"column":6},"end":{"line":18,"column":7}},"7":{"start":{"line":10,"column":19},"end":{"line":10,"column":20}},"8":{"start":{"line":11,"column":8},"end":{"line":17,"column":11}},"9":{"start":{"line":21,"column":4},"end":{"line":21,"column":17}},"10":{"start":{"line":24,"column":22},"end":{"line":24,"column":35}},"11":{"start":{"line":26,"column":22},"end":{"line":32,"column":3}},"12":{"start":{"line":34,"column":29},"end":{"line":41,"column":3}},"13":{"start":{"line":35,"column":4},"end":{"line":39,"column":5}},"14":{"start":{"line":36,"column":6},"end":{"line":38,"column":7}},"15":{"start":{"line":37,"column":8},"end":{"line":37,"column":44}},"16":{"start":{"line":40,"column":4},"end":{"line":40,"column":47}},"17":{"start":{"line":43,"column":29},"end":{"line":64,"column":3}},"18":{"start":{"line":48,"column":32},"end":{"line":56,"column":5}},"19":{"start":{"line":50,"column":36},"end":{"line":52,"column":10}},"20":{"start":{"line":51,"column":10},"end":{"line":51,"column":56}},"21":{"start":{"line":54,"column":8},"end":{"line":54,"column":35}},"22":{"start":{"line":59,"column":23},"end":{"line":59,"column":73}},"23":{"start":{"line":59,"column":50},"end":{"line":59,"column":72}},"24":{"start":{"line":61,"column":4},"end":{"line":63,"column":5}},"25":{"start":{"line":62,"column":6},"end":{"line":62,"column":35}},"26":{"start":{"line":66,"column":24},"end":{"line":72,"column":3}},"27":{"start":{"line":67,"column":4},"end":{"line":71,"column":5}},"28":{"start":{"line":68,"column":6},"end":{"line":70,"column":7}},"29":{"start":{"line":69,"column":8},"end":{"line":69,"column":41}},"30":{"start":{"line":74,"column":25},"end":{"line":79,"column":3}},"31":{"start":{"line":75,"column":28},"end":{"line":75,"column":42}},"32":{"start":{"line":76,"column":19},"end":{"line":76,"column":74}},"33":{"start":{"line":78,"column":4},"end":{"line":78,"column":33}},"34":{"start":{"line":81,"column":24},"end":{"line":100,"column":3}},"35":{"start":{"line":82,"column":29},"end":{"line":84,"column":5}},"36":{"start":{"line":83,"column":22},"end":{"line":83,"column":51}},"37":{"start":{"line":86,"column":4},"end":{"line":86,"column":49}},"38":{"start":{"line":86,"column":42},"end":{"line":86,"column":49}},"39":{"start":{"line":88,"column":4},"end":{"line":99,"column":5}},"40":{"start":{"line":89,"column":6},"end":{"line":89,"column":38}},"41":{"start":{"line":90,"column":6},"end":{"line":90,"column":55}},"42":{"start":{"line":92,"column":19},"end":{"line":92,"column":49}},"43":{"start":{"line":93,"column":6},"end":{"line":93,"column":41}},"44":{"start":{"line":94,"column":6},"end":{"line":94,"column":69}},"45":{"start":{"line":96,"column":6},"end":{"line":96,"column":41}},"46":{"start":{"line":97,"column":6},"end":{"line":97,"column":55}},"47":{"start":{"line":98,"column":6},"end":{"line":98,"column":69}},"48":{"start":{"line":102,"column":31},"end":{"line":125,"column":3}},"49":{"start":{"line":103,"column":4},"end":{"line":124,"column":5}},"50":{"start":{"line":104,"column":6},"end":{"line":123,"column":7}},"51":{"start":{"line":105,"column":8},"end":{"line":105,"column":26}},"52":{"start":{"line":127,"column":22},"end":{"line":196,"column":3}},"53":{"start":{"line":128,"column":4},"end":{"line":194,"column":5}},"54":{"start":{"line":129,"column":19},"end":{"line":129,"column":71}},"55":{"start":{"line":130,"column":6},"end":{"line":134,"column":7}},"56":{"start":{"line":131,"column":8},"end":{"line":131,"column":44}},"57":{"start":{"line":133,"column":8},"end":{"line":133,"column":35}},"58":{"start":{"line":136,"column":6},"end":{"line":165,"column":7}},"59":{"start":{"line":136,"column":19},"end":{"line":136,"column":20}},"60":{"start":{"line":137,"column":19},"end":{"line":137,"column":66}},"61":{"start":{"line":138,"column":8},"end":{"line":138,"column":39}},"62":{"start":{"line":139,"column":8},"end":{"line":139,"column":59}},"63":{"start":{"line":140,"column":23},"end":{"line":140,"column":37}},"64":{"start":{"line":141,"column":27},"end":{"line":141,"column":40}},"65":{"start":{"line":142,"column":26},"end":{"line":142,"column":41}},"66":{"start":{"line":143,"column":29},"end":{"line":143,"column":42}},"67":{"start":{"line":145,"column":8},"end":{"line":147,"column":9}},"68":{"start":{"line":146,"column":10},"end":{"line":146,"column":49}},"69":{"start":{"line":149,"column":8},"end":{"line":151,"column":9}},"70":{"start":{"line":150,"column":10},"end":{"line":150,"column":44}},"71":{"start":{"line":153,"column":8},"end":{"line":164,"column":9}},"72":{"start":{"line":156,"column":12},"end":{"line":156,"column":45}},"73":{"start":{"line":157,"column":12},"end":{"line":157,"column":35}},"74":{"start":{"line":158,"column":12},"end":{"line":158,"column":18}},"75":{"start":{"line":161,"column":12},"end":{"line":161,"column":48}},"76":{"start":{"line":162,"column":12},"end":{"line":162,"column":35}},"77":{"start":{"line":163,"column":12},"end":{"line":163,"column":18}},"78":{"start":{"line":167,"column":27},"end":{"line":167,"column":79}},"79":{"start":{"line":168,"column":6},"end":{"line":168,"column":50}},"80":{"start":{"line":170,"column":6},"end":{"line":193,"column":7}},"81":{"start":{"line":170,"column":19},"end":{"line":170,"column":20}},"82":{"start":{"line":171,"column":23},"end":{"line":171,"column":78}},"83":{"start":{"line":172,"column":8},"end":{"line":172,"column":52}},"84":{"start":{"line":173,"column":8},"end":{"line":173,"column":50}},"85":{"start":{"line":174,"column":29},"end":{"line":174,"column":43}},"86":{"start":{"line":175,"column":27},"end":{"line":175,"column":46}},"87":{"start":{"line":176,"column":29},"end":{"line":176,"column":46}},"88":{"start":{"line":178,"column":8},"end":{"line":180,"column":9}},"89":{"start":{"line":179,"column":10},"end":{"line":179,"column":48}},"90":{"start":{"line":182,"column":8},"end":{"line":192,"column":9}},"91":{"start":{"line":185,"column":12},"end":{"line":185,"column":49}},"92":{"start":{"line":186,"column":12},"end":{"line":186,"column":39}},"93":{"start":{"line":187,"column":12},"end":{"line":187,"column":18}},"94":{"start":{"line":189,"column":12},"end":{"line":189,"column":52}},"95":{"start":{"line":190,"column":12},"end":{"line":190,"column":39}},"96":{"start":{"line":191,"column":12},"end":{"line":191,"column":18}},"97":{"start":{"line":195,"column":4},"end":{"line":195,"column":27}},"98":{"start":{"line":198,"column":23},"end":{"line":200,"column":3}},"99":{"start":{"line":199,"column":4},"end":{"line":199,"column":59}},"100":{"start":{"line":202,"column":25},"end":{"line":204,"column":3}},"101":{"start":{"line":203,"column":4},"end":{"line":203,"column":23}},"102":{"start":{"line":205,"column":25},"end":{"line":207,"column":3}},"103":{"start":{"line":206,"column":4},"end":{"line":206,"column":23}},"104":{"start":{"line":209,"column":25},"end":{"line":224,"column":3}},"105":{"start":{"line":210,"column":18},"end":{"line":210,"column":34}},"106":{"start":{"line":212,"column":26},"end":{"line":212,"column":46}},"107":{"start":{"line":213,"column":29},"end":{"line":213,"column":49}},"108":{"start":{"line":214,"column":26},"end":{"line":214,"column":46}},"109":{"start":{"line":215,"column":28},"end":{"line":215,"column":48}},"110":{"start":{"line":216,"column":28},"end":{"line":216,"column":48}},"111":{"start":{"line":217,"column":4},"end":{"line":223,"column":6}},"112":{"start":{"line":226,"column":26},"end":{"line":230,"column":3}},"113":{"start":{"line":227,"column":18},"end":{"line":227,"column":34}},"114":{"start":{"line":228,"column":17},"end":{"line":228,"column":51}},"115":{"start":{"line":228,"column":37},"end":{"line":228,"column":50}},"116":{"start":{"line":229,"column":4},"end":{"line":229,"column":55}},"117":{"start":{"line":229,"column":37},"end":{"line":229,"column":53}},"118":{"start":{"line":232,"column":2},"end":{"line":241,"column":4}}},"fnMap":{"0":{"name":"Gameboard","decl":{"start":{"line":3,"column":9},"end":{"line":3,"column":18}},"loc":{"start":{"line":3,"column":21},"end":{"line":242,"column":1}},"line":3},"1":{"name":"(anonymous_1)","decl":{"start":{"line":4,"column":22},"end":{"line":4,"column":23}},"loc":{"start":{"line":4,"column":28},"end":{"line":22,"column":3}},"line":4},"2":{"name":"(anonymous_2)","decl":{"start":{"line":34,"column":29},"end":{"line":34,"column":30}},"loc":{"start":{"line":34,"column":57},"end":{"line":41,"column":3}},"line":34},"3":{"name":"(anonymous_3)","decl":{"start":{"line":43,"column":29},"end":{"line":43,"column":30}},"loc":{"start":{"line":43,"column":61},"end":{"line":64,"column":3}},"line":43},"4":{"name":"(anonymous_4)","decl":{"start":{"line":49,"column":6},"end":{"line":49,"column":7}},"loc":{"start":{"line":49,"column":32},"end":{"line":55,"column":7}},"line":49},"5":{"name":"(anonymous_5)","decl":{"start":{"line":50,"column":53},"end":{"line":50,"column":54}},"loc":{"start":{"line":50,"column":69},"end":{"line":52,"column":9}},"line":50},"6":{"name":"(anonymous_6)","decl":{"start":{"line":59,"column":40},"end":{"line":59,"column":41}},"loc":{"start":{"line":59,"column":50},"end":{"line":59,"column":72}},"line":59},"7":{"name":"(anonymous_7)","decl":{"start":{"line":66,"column":24},"end":{"line":66,"column":25}},"loc":{"start":{"line":66,"column":59},"end":{"line":72,"column":3}},"line":66},"8":{"name":"(anonymous_8)","decl":{"start":{"line":74,"column":25},"end":{"line":74,"column":26}},"loc":{"start":{"line":74,"column":63},"end":{"line":79,"column":3}},"line":74},"9":{"name":"(anonymous_9)","decl":{"start":{"line":81,"column":24},"end":{"line":81,"column":25}},"loc":{"start":{"line":81,"column":51},"end":{"line":100,"column":3}},"line":81},"10":{"name":"(anonymous_10)","decl":{"start":{"line":83,"column":6},"end":{"line":83,"column":7}},"loc":{"start":{"line":83,"column":22},"end":{"line":83,"column":51}},"line":83},"11":{"name":"(anonymous_11)","decl":{"start":{"line":102,"column":31},"end":{"line":102,"column":32}},"loc":{"start":{"line":102,"column":37},"end":{"line":125,"column":3}},"line":102},"12":{"name":"(anonymous_12)","decl":{"start":{"line":127,"column":22},"end":{"line":127,"column":23}},"loc":{"start":{"line":127,"column":49},"end":{"line":196,"column":3}},"line":127},"13":{"name":"(anonymous_13)","decl":{"start":{"line":198,"column":23},"end":{"line":198,"column":24}},"loc":{"start":{"line":198,"column":29},"end":{"line":200,"column":3}},"line":198},"14":{"name":"(anonymous_14)","decl":{"start":{"line":202,"column":25},"end":{"line":202,"column":26}},"loc":{"start":{"line":202,"column":31},"end":{"line":204,"column":3}},"line":202},"15":{"name":"(anonymous_15)","decl":{"start":{"line":205,"column":25},"end":{"line":205,"column":26}},"loc":{"start":{"line":205,"column":31},"end":{"line":207,"column":3}},"line":205},"16":{"name":"(anonymous_16)","decl":{"start":{"line":209,"column":25},"end":{"line":209,"column":26}},"loc":{"start":{"line":209,"column":31},"end":{"line":224,"column":3}},"line":209},"17":{"name":"(anonymous_17)","decl":{"start":{"line":226,"column":26},"end":{"line":226,"column":27}},"loc":{"start":{"line":226,"column":32},"end":{"line":230,"column":3}},"line":226},"18":{"name":"(anonymous_18)","decl":{"start":{"line":228,"column":27},"end":{"line":228,"column":28}},"loc":{"start":{"line":228,"column":37},"end":{"line":228,"column":50}},"line":228},"19":{"name":"(anonymous_19)","decl":{"start":{"line":229,"column":24},"end":{"line":229,"column":25}},"loc":{"start":{"line":229,"column":37},"end":{"line":229,"column":53}},"line":229}},"branchMap":{"0":{"loc":{"start":{"line":36,"column":6},"end":{"line":38,"column":7}},"type":"if","locations":[{"start":{"line":36,"column":6},"end":{"line":38,"column":7}},{"start":{},"end":{}}],"line":36},"1":{"loc":{"start":{"line":68,"column":6},"end":{"line":70,"column":7}},"type":"if","locations":[{"start":{"line":68,"column":6},"end":{"line":70,"column":7}},{"start":{},"end":{}}],"line":68},"2":{"loc":{"start":{"line":86,"column":4},"end":{"line":86,"column":49}},"type":"if","locations":[{"start":{"line":86,"column":4},"end":{"line":86,"column":49}},{"start":{},"end":{}}],"line":86},"3":{"loc":{"start":{"line":88,"column":4},"end":{"line":99,"column":5}},"type":"if","locations":[{"start":{"line":88,"column":4},"end":{"line":99,"column":5}},{"start":{"line":95,"column":11},"end":{"line":99,"column":5}}],"line":88},"4":{"loc":{"start":{"line":104,"column":6},"end":{"line":123,"column":7}},"type":"if","locations":[{"start":{"line":104,"column":6},"end":{"line":123,"column":7}},{"start":{},"end":{}}],"line":104},"5":{"loc":{"start":{"line":128,"column":4},"end":{"line":194,"column":5}},"type":"if","locations":[{"start":{"line":128,"column":4},"end":{"line":194,"column":5}},{"start":{"line":166,"column":11},"end":{"line":194,"column":5}}],"line":128},"6":{"loc":{"start":{"line":130,"column":6},"end":{"line":134,"column":7}},"type":"if","locations":[{"start":{"line":130,"column":6},"end":{"line":134,"column":7}},{"start":{"line":132,"column":13},"end":{"line":134,"column":7}}],"line":130},"7":{"loc":{"start":{"line":145,"column":8},"end":{"line":147,"column":9}},"type":"if","locations":[{"start":{"line":145,"column":8},"end":{"line":147,"column":9}},{"start":{},"end":{}}],"line":145},"8":{"loc":{"start":{"line":149,"column":8},"end":{"line":151,"column":9}},"type":"if","locations":[{"start":{"line":149,"column":8},"end":{"line":151,"column":9}},{"start":{},"end":{}}],"line":149},"9":{"loc":{"start":{"line":153,"column":8},"end":{"line":164,"column":9}},"type":"switch","locations":[{"start":{"line":154,"column":10},"end":{"line":158,"column":18}},{"start":{"line":159,"column":10},"end":{"line":163,"column":18}}],"line":153},"10":{"loc":{"start":{"line":178,"column":8},"end":{"line":180,"column":9}},"type":"if","locations":[{"start":{"line":178,"column":8},"end":{"line":180,"column":9}},{"start":{},"end":{}}],"line":178},"11":{"loc":{"start":{"line":182,"column":8},"end":{"line":192,"column":9}},"type":"switch","locations":[{"start":{"line":183,"column":10},"end":{"line":187,"column":18}},{"start":{"line":188,"column":10},"end":{"line":191,"column":18}}],"line":182}},"s":{"0":18,"1":18,"2":18,"3":18,"4":18,"5":18,"6":180,"7":180,"8":1800,"9":18,"10":18,"11":18,"12":18,"13":16,"14":80,"15":16,"16":16,"17":18,"18":16,"19":57,"20":1340,"21":57,"22":16,"23":45,"24":16,"25":57,"26":18,"27":27,"28":135,"29":27,"30":18,"31":28,"32":28,"33":28,"34":18,"35":28,"36":627,"37":28,"38":0,"39":28,"40":27,"41":27,"42":27,"43":27,"44":27,"45":1,"46":1,"47":1,"48":18,"49":0,"50":0,"51":0,"52":18,"53":0,"54":0,"55":0,"56":0,"57":0,"58":0,"59":0,"60":0,"61":0,"62":0,"63":0,"64":0,"65":0,"66":0,"67":0,"68":0,"69":0,"70":0,"71":0,"72":0,"73":0,"74":0,"75":0,"76":0,"77":0,"78":0,"79":0,"80":0,"81":0,"82":0,"83":0,"84":0,"85":0,"86":0,"87":0,"88":0,"89":0,"90":0,"91":0,"92":0,"93":0,"94":0,"95":0,"96":0,"97":0,"98":18,"99":0,"100":18,"101":5,"102":18,"103":15,"104":18,"105":11,"106":11,"107":11,"108":11,"109":11,"110":11,"111":11,"112":18,"113":1,"114":1,"115":5,"116":1,"117":5,"118":18},"f":{"0":18,"1":18,"2":16,"3":16,"4":57,"5":1340,"6":45,"7":27,"8":28,"9":28,"10":627,"11":0,"12":0,"13":0,"14":5,"15":15,"16":11,"17":1,"18":5,"19":5},"b":{"0":[16,64],"1":[27,108],"2":[0,28],"3":[27,1],"4":[0,0],"5":[0,0],"6":[0,0],"7":[0,0],"8":[0,0],"9":[0,0],"10":[0,0],"11":[0,0]},"_coverageSchema":"1a1c01bbd47fc00a2c39e90264f33305004495a9","hash":"7d2e1a39bd3e9cd0845e5a93cc5cf72928118e5e"}
,"/Users/zaakirmbp/TOP-Projects/battleship/src/components/factories/playerFactory.js": {"path":"/Users/zaakirmbp/TOP-Projects/battleship/src/components/factories/playerFactory.js","statementMap":{"0":{"start":{"line":4,"column":14},"end":{"line":4,"column":29}},"1":{"start":{"line":5,"column":13},"end":{"line":5,"column":22}},"2":{"start":{"line":6,"column":14},"end":{"line":6,"column":16}},"3":{"start":{"line":7,"column":20},"end":{"line":7,"column":42}},"4":{"start":{"line":9,"column":18},"end":{"line":11,"column":3}},"5":{"start":{"line":10,"column":4},"end":{"line":10,"column":16}},"6":{"start":{"line":13,"column":25},"end":{"line":15,"column":3}},"7":{"start":{"line":14,"column":4},"end":{"line":14,"column":17}},"8":{"start":{"line":17,"column":24},"end":{"line":19,"column":3}},"9":{"start":{"line":18,"column":4},"end":{"line":18,"column":16}},"10":{"start":{"line":21,"column":21},"end":{"line":23,"column":3}},"11":{"start":{"line":22,"column":4},"end":{"line":22,"column":17}},"12":{"start":{"line":25,"column":25},"end":{"line":33,"column":3}},"13":{"start":{"line":26,"column":4},"end":{"line":26,"column":30}},"14":{"start":{"line":26,"column":23},"end":{"line":26,"column":30}},"15":{"start":{"line":28,"column":17},"end":{"line":28,"column":19}},"16":{"start":{"line":29,"column":4},"end":{"line":31,"column":5}},"17":{"start":{"line":30,"column":6},"end":{"line":30,"column":42}},"18":{"start":{"line":32,"column":4},"end":{"line":32,"column":18}},"19":{"start":{"line":35,"column":19},"end":{"line":37,"column":3}},"20":{"start":{"line":36,"column":4},"end":{"line":36,"column":17}},"21":{"start":{"line":39,"column":30},"end":{"line":52,"column":3}},"22":{"start":{"line":40,"column":27},"end":{"line":40,"column":39}},"23":{"start":{"line":41,"column":30},"end":{"line":41,"column":61}},"24":{"start":{"line":43,"column":28},"end":{"line":43,"column":30}},"25":{"start":{"line":45,"column":4},"end":{"line":49,"column":5}},"26":{"start":{"line":45,"column":17},"end":{"line":45,"column":18}},"27":{"start":{"line":47,"column":8},"end":{"line":47,"column":79}},"28":{"start":{"line":48,"column":6},"end":{"line":48,"column":48}},"29":{"start":{"line":51,"column":4},"end":{"line":51,"column":27}},"30":{"start":{"line":54,"column":2},"end":{"line":66,"column":4}}},"fnMap":{"0":{"name":"PlayerFactory","decl":{"start":{"line":3,"column":9},"end":{"line":3,"column":22}},"loc":{"start":{"line":3,"column":40},"end":{"line":67,"column":1}},"line":3},"1":{"name":"(anonymous_1)","decl":{"start":{"line":9,"column":18},"end":{"line":9,"column":19}},"loc":{"start":{"line":9,"column":24},"end":{"line":11,"column":3}},"line":9},"2":{"name":"(anonymous_2)","decl":{"start":{"line":13,"column":25},"end":{"line":13,"column":26}},"loc":{"start":{"line":13,"column":31},"end":{"line":15,"column":3}},"line":13},"3":{"name":"(anonymous_3)","decl":{"start":{"line":17,"column":24},"end":{"line":17,"column":25}},"loc":{"start":{"line":17,"column":30},"end":{"line":19,"column":3}},"line":17},"4":{"name":"(anonymous_4)","decl":{"start":{"line":21,"column":21},"end":{"line":21,"column":22}},"loc":{"start":{"line":21,"column":27},"end":{"line":23,"column":3}},"line":21},"5":{"name":"(anonymous_5)","decl":{"start":{"line":25,"column":25},"end":{"line":25,"column":26}},"loc":{"start":{"line":25,"column":31},"end":{"line":33,"column":3}},"line":25},"6":{"name":"(anonymous_6)","decl":{"start":{"line":35,"column":19},"end":{"line":35,"column":20}},"loc":{"start":{"line":35,"column":25},"end":{"line":37,"column":3}},"line":35},"7":{"name":"(anonymous_7)","decl":{"start":{"line":39,"column":30},"end":{"line":39,"column":31}},"loc":{"start":{"line":39,"column":42},"end":{"line":52,"column":3}},"line":39}},"branchMap":{"0":{"loc":{"start":{"line":26,"column":4},"end":{"line":26,"column":30}},"type":"if","locations":[{"start":{"line":26,"column":4},"end":{"line":26,"column":30}},{"start":{},"end":{}}],"line":26}},"s":{"0":10,"1":10,"2":10,"3":10,"4":10,"5":29,"6":10,"7":0,"8":10,"9":2,"10":10,"11":1,"12":10,"13":0,"14":0,"15":0,"16":0,"17":0,"18":0,"19":10,"20":0,"21":10,"22":1,"23":1,"24":1,"25":1,"26":1,"27":5,"28":5,"29":1,"30":10},"f":{"0":10,"1":29,"2":0,"3":2,"4":1,"5":0,"6":0,"7":1},"b":{"0":[0,0]},"_coverageSchema":"1a1c01bbd47fc00a2c39e90264f33305004495a9","hash":"8ea2168897c5ae05e8126ed3af036432cd38e9e3"}
,"/Users/zaakirmbp/TOP-Projects/battleship/src/components/factories/shipFactory.js": {"path":"/Users/zaakirmbp/TOP-Projects/battleship/src/components/factories/shipFactory.js","statementMap":{"0":{"start":{"line":2,"column":19},"end":{"line":2,"column":23}},"1":{"start":{"line":3,"column":15},"end":{"line":3,"column":21}},"2":{"start":{"line":4,"column":21},"end":{"line":4,"column":23}},"3":{"start":{"line":5,"column":13},"end":{"line":5,"column":18}},"4":{"start":{"line":8,"column":26},"end":{"line":8,"column":37}},"5":{"start":{"line":10,"column":14},"end":{"line":15,"column":3}},"6":{"start":{"line":11,"column":4},"end":{"line":14,"column":5}},"7":{"start":{"line":12,"column":6},"end":{"line":12,"column":15}},"8":{"start":{"line":13,"column":6},"end":{"line":13,"column":29}},"9":{"start":{"line":17,"column":17},"end":{"line":22,"column":3}},"10":{"start":{"line":18,"column":4},"end":{"line":21,"column":24}},"11":{"start":{"line":19,"column":6},"end":{"line":19,"column":18}},"12":{"start":{"line":20,"column":6},"end":{"line":20,"column":18}},"13":{"start":{"line":21,"column":11},"end":{"line":21,"column":24}},"14":{"start":{"line":24,"column":29},"end":{"line":26,"column":3}},"15":{"start":{"line":25,"column":4},"end":{"line":25,"column":23}},"16":{"start":{"line":28,"column":20},"end":{"line":30,"column":3}},"17":{"start":{"line":29,"column":4},"end":{"line":29,"column":18}},"18":{"start":{"line":31,"column":24},"end":{"line":33,"column":3}},"19":{"start":{"line":32,"column":4},"end":{"line":32,"column":22}},"20":{"start":{"line":35,"column":24},"end":{"line":37,"column":3}},"21":{"start":{"line":36,"column":4},"end":{"line":36,"column":16}},"22":{"start":{"line":39,"column":2},"end":{"line":51,"column":4}}},"fnMap":{"0":{"name":"Ship","decl":{"start":{"line":1,"column":9},"end":{"line":1,"column":13}},"loc":{"start":{"line":1,"column":46},"end":{"line":52,"column":1}},"line":1},"1":{"name":"(anonymous_1)","decl":{"start":{"line":10,"column":14},"end":{"line":10,"column":15}},"loc":{"start":{"line":10,"column":20},"end":{"line":15,"column":3}},"line":10},"2":{"name":"(anonymous_2)","decl":{"start":{"line":17,"column":17},"end":{"line":17,"column":18}},"loc":{"start":{"line":17,"column":23},"end":{"line":22,"column":3}},"line":17},"3":{"name":"(anonymous_3)","decl":{"start":{"line":24,"column":29},"end":{"line":24,"column":30}},"loc":{"start":{"line":24,"column":35},"end":{"line":26,"column":3}},"line":24},"4":{"name":"(anonymous_4)","decl":{"start":{"line":28,"column":20},"end":{"line":28,"column":21}},"loc":{"start":{"line":28,"column":26},"end":{"line":30,"column":3}},"line":28},"5":{"name":"(anonymous_5)","decl":{"start":{"line":31,"column":24},"end":{"line":31,"column":25}},"loc":{"start":{"line":31,"column":30},"end":{"line":33,"column":3}},"line":31},"6":{"name":"(anonymous_6)","decl":{"start":{"line":35,"column":24},"end":{"line":35,"column":25}},"loc":{"start":{"line":35,"column":30},"end":{"line":37,"column":3}},"line":35}},"branchMap":{"0":{"loc":{"start":{"line":1,"column":28},"end":{"line":1,"column":44}},"type":"default-arg","locations":[{"start":{"line":1,"column":42},"end":{"line":1,"column":44}}],"line":1},"1":{"loc":{"start":{"line":11,"column":4},"end":{"line":14,"column":5}},"type":"if","locations":[{"start":{"line":11,"column":4},"end":{"line":14,"column":5}},{"start":{},"end":{}}],"line":11},"2":{"loc":{"start":{"line":18,"column":4},"end":{"line":21,"column":24}},"type":"if","locations":[{"start":{"line":18,"column":4},"end":{"line":21,"column":24}},{"start":{"line":21,"column":11},"end":{"line":21,"column":24}}],"line":18}},"s":{"0":96,"1":96,"2":96,"3":96,"4":96,"5":96,"6":32,"7":32,"8":32,"9":96,"10":7,"11":6,"12":6,"13":1,"14":96,"15":1,"16":96,"17":56,"18":96,"19":1,"20":96,"21":1,"22":96},"f":{"0":96,"1":32,"2":7,"3":1,"4":56,"5":1,"6":1},"b":{"0":[91],"1":[32,0],"2":[6,1]},"_coverageSchema":"1a1c01bbd47fc00a2c39e90264f33305004495a9","hash":"4ff917f11898172eb9d03d371b2c04224a098808"}
}
