TN:
SF:src/components/gameFlow.js
FN:4,(anonymous_0)
FNF:1
FNH:0
FNDA:0,(anonymous_0)
DA:4,2
DA:5,0
DA:6,0
DA:8,0
DA:9,0
DA:11,0
DA:13,0
LF:7
LH:1
BRF:0
BRH:0
end_of_record
TN:
SF:src/components/initializeGame.js
FN:7,(anonymous_0)
FNF:1
FNH:0
FNDA:0,(anonymous_0)
DA:7,2
DA:8,0
DA:9,0
DA:10,0
DA:13,0
DA:14,0
DA:15,0
DA:16,0
DA:17,0
DA:19,0
DA:20,0
DA:21,0
LF:12
LH:1
BRF:0
BRH:0
end_of_record
TN:
SF:src/components/positionShips.js
FN:3,(anonymous_0)
FN:9,(anonymous_1)
FNF:2
FNH:0
FNDA:0,(anonymous_0)
FNDA:0,(anonymous_1)
DA:3,2
DA:4,0
DA:6,0
DA:7,0
DA:9,0
DA:10,0
DA:11,0
LF:7
LH:1
BRF:0
BRH:0
end_of_record
TN:
SF:src/components/factories/gameFactory.js
FN:8,Game
FN:9,(anonymous_1)
FN:13,(anonymous_2)
FN:21,(anonymous_3)
FN:26,(anonymous_4)
FN:37,(anonymous_5)
FN:52,(anonymous_6)
FN:59,(anonymous_7)
FN:64,(anonymous_8)
FN:69,(anonymous_9)
FN:72,(anonymous_10)
FN:76,(anonymous_11)
FNF:12
FNH:0
FNDA:0,Game
FNDA:0,(anonymous_1)
FNDA:0,(anonymous_2)
FNDA:0,(anonymous_3)
FNDA:0,(anonymous_4)
FNDA:0,(anonymous_5)
FNDA:0,(anonymous_6)
FNDA:0,(anonymous_7)
FNDA:0,(anonymous_8)
FNDA:0,(anonymous_9)
FNDA:0,(anonymous_10)
FNDA:0,(anonymous_11)
DA:9,0
DA:10,0
DA:13,0
DA:14,0
DA:15,0
DA:16,0
DA:17,0
DA:18,0
DA:19,0
DA:20,0
DA:21,0
DA:22,0
DA:26,0
DA:27,0
DA:28,0
DA:29,0
DA:30,0
DA:31,0
DA:32,0
DA:33,0
DA:37,0
DA:38,0
DA:39,0
DA:40,0
DA:41,0
DA:42,0
DA:44,0
DA:45,0
DA:46,0
DA:48,0
DA:49,0
DA:52,0
DA:53,0
DA:54,0
DA:55,0
DA:56,0
DA:59,0
DA:60,0
DA:61,0
DA:64,0
DA:65,0
DA:66,0
DA:68,0
DA:69,0
DA:72,0
DA:73,0
DA:76,0
DA:78,0
DA:79,0
DA:80,0
DA:84,0
LF:51
LH:0
BRDA:14,0,0,0
BRDA:14,0,1,0
BRDA:27,1,0,0
BRDA:27,1,1,0
BRDA:40,2,0,0
BRDA:40,2,1,0
BRDA:44,3,0,0
BRDA:44,3,1,0
BRF:8
BRH:0
end_of_record
TN:
SF:src/components/factories/gameboardFactory.js
FN:4,Gameboard
FN:5,(anonymous_1)
FN:35,(anonymous_2)
FN:44,(anonymous_3)
FN:50,(anonymous_4)
FN:51,(anonymous_5)
FN:60,(anonymous_6)
FN:68,(anonymous_7)
FN:69,(anonymous_8)
FN:72,(anonymous_9)
FN:80,(anonymous_10)
FN:87,(anonymous_11)
FN:89,(anonymous_12)
FN:108,(anonymous_13)
FN:119,(anonymous_14)
FN:121,(anonymous_15)
FN:122,(anonymous_16)
FN:139,(anonymous_17)
FN:212,(anonymous_18)
FN:216,(anonymous_19)
FN:219,(anonymous_20)
FN:223,(anonymous_21)
FN:240,(anonymous_22)
FN:242,(anonymous_23)
FN:243,(anonymous_24)
FNF:25
FNH:17
FNDA:18,Gameboard
FNDA:18,(anonymous_1)
FNDA:16,(anonymous_2)
FNDA:16,(anonymous_3)
FNDA:57,(anonymous_4)
FNDA:1340,(anonymous_5)
FNDA:45,(anonymous_6)
FNDA:0,(anonymous_7)
FNDA:0,(anonymous_8)
FNDA:27,(anonymous_9)
FNDA:28,(anonymous_10)
FNDA:28,(anonymous_11)
FNDA:627,(anonymous_12)
FNDA:0,(anonymous_13)
FNDA:0,(anonymous_14)
FNDA:0,(anonymous_15)
FNDA:0,(anonymous_16)
FNDA:0,(anonymous_17)
FNDA:0,(anonymous_18)
FNDA:5,(anonymous_19)
FNDA:15,(anonymous_20)
FNDA:11,(anonymous_21)
FNDA:1,(anonymous_22)
FNDA:5,(anonymous_23)
FNDA:5,(anonymous_24)
DA:5,18
DA:6,18
DA:7,18
DA:8,18
DA:10,18
DA:11,180
DA:12,1800
DA:22,18
DA:25,18
DA:27,18
DA:35,18
DA:36,16
DA:37,80
DA:38,16
DA:41,16
DA:44,18
DA:49,16
DA:51,57
DA:52,1340
DA:55,57
DA:60,45
DA:61,16
DA:63,16
DA:64,57
DA:68,18
DA:69,0
DA:72,18
DA:73,27
DA:74,135
DA:75,27
DA:80,18
DA:81,28
DA:82,28
DA:84,28
DA:87,18
DA:88,28
DA:89,627
DA:92,28
DA:94,28
DA:95,27
DA:96,27
DA:98,27
DA:99,27
DA:100,27
DA:102,1
DA:103,1
DA:104,1
DA:108,18
DA:112,0
DA:114,0
DA:115,0
DA:116,0
DA:119,0
DA:120,0
DA:122,0
DA:123,0
DA:126,0
DA:130,0
DA:132,0
DA:139,18
DA:140,0
DA:141,0
DA:142,0
DA:143,0
DA:145,0
DA:148,0
DA:149,0
DA:150,0
DA:151,0
DA:152,0
DA:153,0
DA:154,0
DA:155,0
DA:156,0
DA:158,0
DA:159,0
DA:162,0
DA:163,0
DA:166,0
DA:169,0
DA:170,0
DA:171,0
DA:174,0
DA:175,0
DA:176,0
DA:180,0
DA:181,0
DA:183,0
DA:184,0
DA:185,0
DA:186,0
DA:187,0
DA:188,0
DA:189,0
DA:191,0
DA:193,0
DA:194,0
DA:197,0
DA:200,0
DA:201,0
DA:202,0
DA:204,0
DA:205,0
DA:206,0
DA:212,18
DA:213,0
DA:216,18
DA:217,5
DA:219,18
DA:220,15
DA:223,18
DA:224,11
DA:226,11
DA:227,11
DA:228,11
DA:229,11
DA:230,11
DA:231,11
DA:240,18
DA:241,1
DA:242,5
DA:243,5
DA:246,18
LF:123
LH:66
BRDA:37,0,0,16
BRDA:37,0,1,64
BRDA:74,1,0,27
BRDA:74,1,1,108
BRDA:92,2,0,0
BRDA:92,2,1,28
BRDA:94,3,0,27
BRDA:94,3,1,1
BRDA:115,4,0,0
BRDA:115,4,1,0
BRDA:140,5,0,0
BRDA:140,5,1,0
BRDA:142,6,0,0
BRDA:142,6,1,0
BRDA:158,7,0,0
BRDA:158,7,1,0
BRDA:162,8,0,0
BRDA:162,8,1,0
BRDA:166,9,0,0
BRDA:166,9,1,0
BRDA:193,10,0,0
BRDA:193,10,1,0
BRDA:197,11,0,0
BRDA:197,11,1,0
BRF:24
BRH:7
end_of_record
TN:
SF:src/components/factories/playerFactory.js
FN:3,PlayerFactory
FN:9,(anonymous_1)
FN:13,(anonymous_2)
FN:17,(anonymous_3)
FN:21,(anonymous_4)
FN:25,(anonymous_5)
FN:35,(anonymous_6)
FN:39,(anonymous_7)
FNF:8
FNH:5
FNDA:10,PlayerFactory
FNDA:29,(anonymous_1)
FNDA:0,(anonymous_2)
FNDA:2,(anonymous_3)
FNDA:1,(anonymous_4)
FNDA:0,(anonymous_5)
FNDA:0,(anonymous_6)
FNDA:1,(anonymous_7)
DA:4,10
DA:5,10
DA:6,10
DA:7,10
DA:9,10
DA:10,29
DA:13,10
DA:14,0
DA:17,10
DA:18,2
DA:21,10
DA:22,1
DA:25,10
DA:26,0
DA:28,0
DA:29,0
DA:30,0
DA:32,0
DA:35,10
DA:36,0
DA:39,10
DA:40,1
DA:41,1
DA:43,1
DA:45,1
DA:47,5
DA:48,5
DA:51,1
DA:54,10
LF:29
LH:22
BRDA:26,0,0,0
BRDA:26,0,1,0
BRF:2
BRH:0
end_of_record
TN:
SF:src/components/factories/shipFactory.js
FN:1,Ship
FN:12,(anonymous_1)
FN:19,(anonymous_2)
FN:27,(anonymous_3)
FN:34,(anonymous_4)
FN:38,(anonymous_5)
FN:41,(anonymous_6)
FN:45,(anonymous_7)
FN:49,(anonymous_8)
FN:53,(anonymous_9)
FN:57,(anonymous_10)
FNF:11
FNH:10
FNDA:98,Ship
FNDA:32,(anonymous_1)
FNDA:7,(anonymous_2)
FNDA:3,(anonymous_3)
FNDA:1,(anonymous_4)
FNDA:56,(anonymous_5)
FNDA:1,(anonymous_6)
FNDA:1,(anonymous_7)
FNDA:260,(anonymous_8)
FNDA:0,(anonymous_9)
FNDA:2,(anonymous_10)
DA:2,98
DA:3,98
DA:4,98
DA:5,98
DA:6,98
DA:7,98
DA:10,98
DA:12,98
DA:13,32
DA:14,32
DA:15,32
DA:19,98
DA:20,7
DA:21,6
DA:22,6
DA:24,1
DA:27,98
DA:28,3
DA:29,2
DA:31,1
DA:34,98
DA:35,1
DA:38,98
DA:39,56
DA:41,98
DA:42,1
DA:45,98
DA:46,1
DA:49,98
DA:50,260
DA:53,98
DA:54,0
DA:57,98
DA:58,2
DA:60,98
LF:35
LH:34
BRDA:1,0,0,91
BRDA:13,1,0,32
BRDA:13,1,1,0
BRDA:20,2,0,6
BRDA:20,2,1,1
BRDA:28,3,0,2
BRDA:28,3,1,1
BRF:7
BRH:6
end_of_record
TN:
SF:src/components/helpers/capitalizeFirstLetter.js
FN:1,capitalizeFirstLetter
FNF:1
FNH:0
FNDA:0,capitalizeFirstLetter
DA:2,0
LF:1
LH:0
BRF:0
BRH:0
end_of_record
TN:
SF:src/components/helpers/handleForm.js
FN:5,(anonymous_0)
FNF:1
FNH:0
FNDA:0,(anonymous_0)
DA:5,2
DA:6,0
DA:7,0
DA:8,0
DA:9,0
DA:10,0
LF:6
LH:1
BRF:0
BRH:0
end_of_record
TN:
SF:src/components/helpers/retrievePlayerName.js
FN:3,(anonymous_0)
FNF:1
FNH:0
FNDA:0,(anonymous_0)
DA:3,2
DA:4,0
DA:5,0
DA:7,0
DA:8,0
DA:10,0
DA:11,0
LF:7
LH:1
BRDA:7,0,0,0
BRDA:7,0,1,0
BRF:2
BRH:0
end_of_record
TN:
SF:src/dom/dom.js
FN:5,(anonymous_0)
FN:16,(anonymous_1)
FN:36,(anonymous_2)
FN:62,(anonymous_3)
FN:112,(anonymous_4)
FNF:5
FNH:0
FNDA:0,(anonymous_0)
FNDA:0,(anonymous_1)
FNDA:0,(anonymous_2)
FNDA:0,(anonymous_3)
FNDA:0,(anonymous_4)
DA:5,2
DA:6,0
DA:9,0
DA:11,0
DA:12,0
DA:13,0
DA:16,2
DA:17,0
DA:18,0
DA:20,0
DA:22,0
DA:25,0
DA:27,0
DA:28,0
DA:29,0
DA:31,0
DA:34,0
DA:36,0
DA:37,0
DA:40,0
DA:42,0
DA:43,0
DA:44,0
DA:46,0
DA:47,0
DA:48,0
DA:49,0
DA:50,0
DA:51,0
DA:52,0
DA:54,0
DA:55,0
DA:56,0
DA:57,0
DA:58,0
DA:62,2
DA:63,0
DA:65,0
DA:66,0
DA:68,0
DA:71,0
DA:73,0
DA:74,0
DA:76,0
DA:79,0
DA:81,0
DA:85,0
DA:87,0
DA:91,0
DA:92,0
DA:112,2
DA:113,0
DA:116,0
DA:117,0
DA:120,0
DA:123,0
DA:126,0
LF:57
LH:4
BRF:0
BRH:0
end_of_record
TN:
SF:src/dom/domHelpers.js
FN:5,(anonymous_0)
FN:10,(anonymous_1)
FN:20,(anonymous_2)
FN:47,(anonymous_3)
FN:71,(anonymous_4)
FN:87,(anonymous_5)
FN:102,(anonymous_6)
FN:109,(anonymous_7)
FN:113,(anonymous_8)
FN:114,(anonymous_9)
FN:122,(anonymous_10)
FN:126,(anonymous_11)
FN:134,(anonymous_12)
FN:153,(anonymous_13)
FN:167,(anonymous_14)
FN:177,(anonymous_15)
FN:185,(anonymous_16)
FN:189,(anonymous_17)
FN:198,(anonymous_18)
FN:218,(anonymous_19)
FN:219,(anonymous_20)
FN:221,(anonymous_21)
FN:223,handleClick
FN:232,(anonymous_23)
FN:235,(anonymous_24)
FN:240,(anonymous_25)
FN:247,(anonymous_26)
FN:256,(anonymous_27)
FN:276,(anonymous_28)
FN:281,(anonymous_29)
FN:286,(anonymous_30)
FN:290,(anonymous_31)
FNF:32
FNH:0
FNDA:0,(anonymous_0)
FNDA:0,(anonymous_1)
FNDA:0,(anonymous_2)
FNDA:0,(anonymous_3)
FNDA:0,(anonymous_4)
FNDA:0,(anonymous_5)
FNDA:0,(anonymous_6)
FNDA:0,(anonymous_7)
FNDA:0,(anonymous_8)
FNDA:0,(anonymous_9)
FNDA:0,(anonymous_10)
FNDA:0,(anonymous_11)
FNDA:0,(anonymous_12)
FNDA:0,(anonymous_13)
FNDA:0,(anonymous_14)
FNDA:0,(anonymous_15)
FNDA:0,(anonymous_16)
FNDA:0,(anonymous_17)
FNDA:0,(anonymous_18)
FNDA:0,(anonymous_19)
FNDA:0,(anonymous_20)
FNDA:0,(anonymous_21)
FNDA:0,handleClick
FNDA:0,(anonymous_23)
FNDA:0,(anonymous_24)
FNDA:0,(anonymous_25)
FNDA:0,(anonymous_26)
FNDA:0,(anonymous_27)
FNDA:0,(anonymous_28)
FNDA:0,(anonymous_29)
FNDA:0,(anonymous_30)
FNDA:0,(anonymous_31)
DA:5,2
DA:7,0
DA:8,0
DA:10,0
DA:12,0
DA:13,0
DA:16,0
DA:20,2
DA:21,0
DA:22,0
DA:23,0
DA:27,0
DA:28,0
DA:30,0
DA:31,0
DA:32,0
DA:34,0
DA:35,0
DA:36,0
DA:37,0
DA:38,0
DA:39,0
DA:40,0
DA:43,0
DA:44,0
DA:46,0
DA:47,0
DA:48,0
DA:49,0
DA:50,0
DA:51,0
DA:56,0
DA:57,0
DA:58,0
DA:59,0
DA:60,0
DA:61,0
DA:66,0
DA:71,2
DA:72,0
DA:73,0
DA:76,0
DA:78,0
DA:82,0
DA:83,0
DA:85,0
DA:87,0
DA:88,0
DA:89,0
DA:90,0
DA:91,0
DA:92,0
DA:96,0
DA:98,0
DA:99,0
DA:100,0
DA:101,0
DA:102,0
DA:103,0
DA:109,2
DA:110,0
DA:111,0
DA:113,0
DA:114,0
DA:115,0
DA:116,0
DA:118,0
DA:119,0
DA:122,0
DA:123,0
DA:126,0
DA:127,0
DA:129,0
DA:131,0
DA:133,0
DA:134,0
DA:136,0
DA:137,0
DA:139,0
DA:140,0
DA:142,0
DA:143,0
DA:145,0
DA:146,0
DA:148,0
DA:150,0
DA:151,0
DA:153,0
DA:154,0
DA:155,0
DA:156,0
DA:160,0
DA:161,0
DA:162,0
DA:163,0
DA:164,0
DA:165,0
DA:166,0
DA:167,0
DA:168,0
DA:171,0
DA:177,2
DA:178,0
DA:179,0
DA:181,0
DA:182,0
DA:185,2
DA:186,0
DA:188,0
DA:189,0
DA:190,0
DA:191,0
DA:192,0
DA:193,0
DA:198,2
DA:199,0
DA:201,0
DA:202,0
DA:205,0
DA:206,0
DA:207,0
DA:208,0
DA:209,0
DA:211,0
DA:212,0
DA:213,0
DA:214,0
DA:215,0
DA:218,2
DA:219,0
DA:220,0
DA:221,0
DA:222,0
DA:223,0
DA:224,0
DA:225,0
DA:232,2
DA:233,0
DA:234,0
DA:235,0
DA:236,0
DA:240,2
DA:241,0
DA:242,0
DA:244,0
DA:245,0
DA:247,0
DA:248,0
DA:252,0
DA:253,0
DA:256,2
DA:257,0
DA:259,0
DA:260,0
DA:263,0
DA:264,0
DA:266,0
DA:267,0
DA:269,0
DA:270,0
DA:271,0
DA:272,0
DA:276,2
DA:277,0
DA:278,0
DA:281,2
DA:282,0
DA:283,0
DA:286,2
DA:287,0
DA:290,2
DA:291,0
LF:172
LH:15
BRDA:34,0,0,0
BRDA:34,0,1,0
BRDA:44,1,0,0
BRDA:44,1,1,0
BRDA:150,2,0,0
BRDA:150,2,1,0
BRDA:150,3,0,0
BRDA:150,3,1,0
BRDA:164,4,0,0
BRDA:164,4,1,0
BRDA:164,5,0,0
BRDA:164,5,1,0
BRDA:186,6,0,0
BRDA:186,6,1,0
BRDA:222,7,0,0
BRDA:222,7,1,0
BRDA:248,8,0,0
BRDA:248,8,1,0
BRDA:269,9,0,0
BRDA:269,9,1,0
BRDA:271,10,0,0
BRDA:271,10,1,0
BRF:22
BRH:0
end_of_record
