TN:
SF:src/components/factories/gameboardFactory.js
FN:3,Gameboard
FN:4,(anonymous_1)
FN:33,(anonymous_2)
FN:42,(anonymous_3)
FN:48,(anonymous_4)
FN:49,(anonymous_5)
FN:58,(anonymous_6)
FN:65,(anonymous_7)
FN:73,(anonymous_8)
FN:80,(anonymous_9)
FN:82,(anonymous_10)
FN:101,(anonymous_11)
FN:158,(anonymous_12)
FN:161,(anonymous_13)
FN:170,(anonymous_14)
FN:174,(anonymous_15)
FN:177,(anonymous_16)
FN:181,(anonymous_17)
FN:198,(anonymous_18)
FN:200,(anonymous_19)
FN:201,(anonymous_20)
FNF:21
FNH:17
FNDA:21,Gameboard
FNDA:21,(anonymous_1)
FNDA:20,(anonymous_2)
FNDA:20,(anonymous_3)
FNDA:69,(anonymous_4)
FNDA:1645,(anonymous_5)
FNDA:59,(anonymous_6)
FNDA:34,(anonymous_7)
FNDA:63,(anonymous_8)
FNDA:63,(anonymous_9)
FNDA:2221,(anonymous_10)
FNDA:0,(anonymous_11)
FNDA:0,(anonymous_12)
FNDA:0,(anonymous_13)
FNDA:0,(anonymous_14)
FNDA:35,(anonymous_15)
FNDA:18,(anonymous_16)
FNDA:14,(anonymous_17)
FNDA:1,(anonymous_18)
FNDA:5,(anonymous_19)
FNDA:5,(anonymous_20)
DA:4,21
DA:5,21
DA:6,21
DA:7,21
DA:9,21
DA:10,210
DA:11,2100
DA:20,21
DA:23,21
DA:25,21
DA:33,21
DA:34,20
DA:35,100
DA:36,20
DA:39,20
DA:42,21
DA:47,20
DA:49,69
DA:50,1645
DA:53,69
DA:58,59
DA:60,20
DA:61,69
DA:65,21
DA:66,34
DA:67,170
DA:68,34
DA:73,21
DA:74,63
DA:75,63
DA:77,63
DA:80,21
DA:81,63
DA:82,2221
DA:85,63
DA:87,63
DA:88,34
DA:89,34
DA:91,34
DA:92,34
DA:93,34
DA:95,29
DA:96,29
DA:97,29
DA:101,21
DA:102,0
DA:103,0
DA:104,0
DA:105,0
DA:107,0
DA:110,0
DA:111,0
DA:112,0
DA:113,0
DA:114,0
DA:115,0
DA:116,0
DA:118,0
DA:119,0
DA:122,0
DA:124,0
DA:125,0
DA:126,0
DA:128,0
DA:129,0
DA:130,0
DA:134,0
DA:135,0
DA:137,0
DA:138,0
DA:139,0
DA:140,0
DA:141,0
DA:142,0
DA:144,0
DA:146,0
DA:147,0
DA:148,0
DA:150,0
DA:151,0
DA:152,0
DA:158,21
DA:159,0
DA:160,0
DA:161,0
DA:162,0
DA:163,0
DA:164,0
DA:165,0
DA:170,21
DA:171,0
DA:174,21
DA:175,35
DA:177,21
DA:178,18
DA:181,21
DA:182,14
DA:184,14
DA:185,14
DA:186,14
DA:187,14
DA:188,14
DA:189,14
DA:198,21
DA:199,1
DA:200,5
DA:201,5
DA:204,21
LF:108
LH:64
BRDA:35,0,0,20
BRDA:35,0,1,80
BRDA:67,1,0,34
BRDA:67,1,1,136
BRDA:85,2,0,0
BRDA:85,2,1,63
BRDA:87,3,0,34
BRDA:87,3,1,29
BRDA:102,4,0,0
BRDA:102,4,1,0
BRDA:104,5,0,0
BRDA:104,5,1,0
BRDA:118,6,0,0
BRDA:118,6,1,0
BRDA:122,7,0,0
BRDA:122,7,1,0
BRDA:144,8,0,0
BRDA:144,8,1,0
BRF:18
BRH:7
end_of_record
TN:
SF:src/components/factories/playerFactory.js
FN:3,PlayerFactory
FN:9,(anonymous_1)
FN:13,(anonymous_2)
FN:17,(anonymous_3)
FN:21,(anonymous_4)
FN:25,(anonymous_5)
FN:35,(anonymous_6)
FN:40,(anonymous_7)
FN:43,(anonymous_8)
FN:47,(anonymous_9)
FN:55,(anonymous_10)
FNF:11
FNH:11
FNDA:13,PlayerFactory
FNDA:64,(anonymous_1)
FNDA:1,(anonymous_2)
FNDA:2,(anonymous_3)
FNDA:1,(anonymous_4)
FNDA:1,(anonymous_5)
FNDA:30,(anonymous_6)
FNDA:3000,(anonymous_7)
FNDA:30,(anonymous_8)
FNDA:30,(anonymous_9)
FNDA:1,(anonymous_10)
DA:4,13
DA:5,13
DA:6,13
DA:7,13
DA:9,13
DA:10,64
DA:13,13
DA:14,1
DA:17,13
DA:18,2
DA:21,13
DA:22,1
DA:25,13
DA:26,1
DA:28,1
DA:29,1
DA:30,30
DA:32,1
DA:35,13
DA:36,30
DA:37,30
DA:39,30
DA:40,3000
DA:43,30
DA:44,30
DA:47,30
DA:49,30
DA:50,30
DA:51,30
DA:55,13
DA:56,1
DA:57,1
DA:59,1
DA:61,1
DA:63,5
DA:64,5
DA:67,1
DA:70,13
LF:38
LH:38
BRDA:26,0,0,0
BRDA:26,0,1,1
BRF:2
BRH:1
end_of_record
TN:
SF:src/components/factories/shipFactory.js
FN:1,Ship
FN:9,(anonymous_1)
FN:16,(anonymous_2)
FN:21,(anonymous_3)
FN:25,(anonymous_4)
FN:28,(anonymous_5)
FNF:6
FNH:6
FNDA:111,Ship
FNDA:39,(anonymous_1)
FNDA:7,(anonymous_2)
FNDA:1,(anonymous_3)
FNDA:71,(anonymous_4)
FNDA:1,(anonymous_5)
DA:2,111
DA:3,111
DA:4,111
DA:7,111
DA:9,111
DA:10,39
DA:11,39
DA:12,39
DA:16,111
DA:17,7
DA:18,1
DA:21,111
DA:22,1
DA:25,111
DA:26,71
DA:28,111
DA:29,1
DA:32,111
LF:18
LH:18
BRDA:1,0,0,106
BRDA:1,1,0,111
BRDA:10,2,0,39
BRDA:10,2,1,0
BRDA:17,3,0,6
BRDA:17,3,1,1
BRF:6
BRH:5
end_of_record
